<?xml version="1.0" encoding="UTF-8"?>
<!-- Generated by org.testng.reporters.JUnitXMLReporter -->
<testsuite hostname="MIT01524" ignored="12" name="Default test" tests="2" failures="0" timestamp="04 May 2018 04:34:58 GMT" time="0.046" errors="0">
  <testcase name="@BeforeMethod setUp" time="0.0" classname="com.paymentgateway.ui.dmz.testcases.DomainzCustomerCartJourneyTest">
    <failure type="org.testng.TestNGException" message="
Parameter &amp;apos;environment&amp;apos; is required by BeforeMethod on method setUp but has not been marked @Optional or defined
in C:\Users\roy.alcantara\AppData\Local\Temp\testng-eclipse-1511737194\testng-customsuite.xml">
      <![CDATA[org.testng.TestNGException: 
Parameter 'environment' is required by BeforeMethod on method setUp but has not been marked @Optional or defined
in C:\Users\roy.alcantara\AppData\Local\Temp\testng-eclipse-1511737194\testng-customsuite.xml
at org.testng.internal.Parameters.createParams(Parameters.java:290)
at org.testng.internal.Parameters.createParametersForMethod(Parameters.java:359)
at org.testng.internal.Parameters.createParameters(Parameters.java:620)
at org.testng.internal.Parameters.createConfigurationParameters(Parameters.java:190)
at org.testng.internal.Invoker.invokeConfigurations(Invoker.java:209)
at org.testng.internal.Invoker.invokeMethod(Invoker.java:523)
at org.testng.internal.Invoker.invokeTestMethod(Invoker.java:719)
at org.testng.internal.Invoker.invokeTestMethods(Invoker.java:989)
at org.testng.internal.TestMethodWorker.invokeTestMethods(TestMethodWorker.java:125)
at org.testng.internal.TestMethodWorker.run(TestMethodWorker.java:109)
at org.testng.TestRunner.privateRun(TestRunner.java:648)
at org.testng.TestRunner.run(TestRunner.java:505)
at org.testng.SuiteRunner.runTest(SuiteRunner.java:455)
at org.testng.SuiteRunner.runSequentially(SuiteRunner.java:450)
at org.testng.SuiteRunner.privateRun(SuiteRunner.java:415)
at org.testng.SuiteRunner.run(SuiteRunner.java:364)
at org.testng.SuiteRunnerWorker.runSuite(SuiteRunnerWorker.java:52)
at org.testng.SuiteRunnerWorker.run(SuiteRunnerWorker.java:84)
at org.testng.TestNG.runSuitesSequentially(TestNG.java:1208)
at org.testng.TestNG.runSuitesLocally(TestNG.java:1137)
at org.testng.TestNG.runSuites(TestNG.java:1049)
at org.testng.TestNG.run(TestNG.java:1017)
at org.testng.remote.AbstractRemoteTestNG.run(AbstractRemoteTestNG.java:132)
at org.testng.remote.RemoteTestNG.initAndRun(RemoteTestNG.java:230)
at org.testng.remote.RemoteTestNG.main(RemoteTestNG.java:76)
]]>
    </failure>
  </testcase> <!-- @BeforeMethod setUp -->
  <testcase name="@AfterMethod tearDown" time="0.0" classname="com.paymentgateway.ui.dmz.testcases.DomainzCustomerCartJourneyTest">
    <skipped/>
  </testcase> <!-- @AfterMethod tearDown -->
  <testcase name="@BeforeMethod setUp" time="0.0" classname="com.paymentgateway.ui.dmz.testcases.DomainzCustomerCartJourneyTest">
    <skipped/>
  </testcase> <!-- @BeforeMethod setUp -->
  <testcase name="@AfterMethod tearDown" time="0.0" classname="com.paymentgateway.ui.dmz.testcases.DomainzCustomerCartJourneyTest">
    <skipped/>
  </testcase> <!-- @AfterMethod tearDown -->
  <testcase name="VerifyDomainRegistrationForNewCustomer" time="0.0" classname="com.paymentgateway.ui.dmz.testcases.DomainzCustomerCartJourneyTest">
    <skipped/>
  </testcase> <!-- VerifyDomainRegistrationForNewCustomer -->
  <testcase name="verifyDomainRegistrationForExistingCustomer" time="0.0" classname="com.paymentgateway.ui.dmz.testcases.DomainzCustomerCartJourneyTest">
    <skipped/>
  </testcase> <!-- verifyDomainRegistrationForExistingCustomer -->
  <testcase name="verifyWebDesignWordpressForExistingCustomer" time="0.0" classname="com.paymentgateway.ui.dmz.testcases.DomainzCustomerCartJourneyTest">
    <ignored/>
  </testcase> <!-- verifyWebDesignWordpressForExistingCustomer -->
  <testcase name="verifySocialMediaAdvertisingForExistingCustomer" time="0.0" classname="com.paymentgateway.ui.dmz.testcases.DomainzCustomerCartJourneyTest">
    <ignored/>
  </testcase> <!-- verifySocialMediaAdvertisingForExistingCustomer -->
  <testcase name="verifyEmailMarketingForExistingCustomer" time="0.0" classname="com.paymentgateway.ui.dmz.testcases.DomainzCustomerCartJourneyTest">
    <ignored/>
  </testcase> <!-- verifyEmailMarketingForExistingCustomer -->
  <testcase name="verifyWebDesignWordpressForNewCustomer" time="0.0" classname="com.paymentgateway.ui.dmz.testcases.DomainzCustomerCartJourneyTest">
    <ignored/>
  </testcase> <!-- verifyWebDesignWordpressForNewCustomer -->
  <testcase name="verifyHostingAndWebsiteDoneForYouForNewCustomer" time="0.0" classname="com.paymentgateway.ui.dmz.testcases.DomainzCustomerCartJourneyTest">
    <ignored/>
  </testcase> <!-- verifyHostingAndWebsiteDoneForYouForNewCustomer -->
  <testcase name="verifyEmailMarketingForNewCustomer" time="0.0" classname="com.paymentgateway.ui.dmz.testcases.DomainzCustomerCartJourneyTest">
    <ignored/>
  </testcase> <!-- verifyEmailMarketingForNewCustomer -->
  <testcase name="verifyHostingAndWebsiteDoneForYouForExistingCustomer" time="0.0" classname="com.paymentgateway.ui.dmz.testcases.DomainzCustomerCartJourneyTest">
    <ignored/>
  </testcase> <!-- verifyHostingAndWebsiteDoneForYouForExistingCustomer -->
  <testcase name="verifySSLForNewCustomer" time="0.0" classname="com.paymentgateway.ui.dmz.testcases.DomainzCustomerCartJourneyTest">
    <ignored/>
  </testcase> <!-- verifySSLForNewCustomer -->
  <testcase name="verifyHostingSignupForExistingCustomer" time="0.0" classname="com.paymentgateway.ui.dmz.testcases.DomainzCustomerCartJourneyTest">
    <ignored/>
  </testcase> <!-- verifyHostingSignupForExistingCustomer -->
  <testcase name="verifyHostingSignupForNewCustomer" time="0.0" classname="com.paymentgateway.ui.dmz.testcases.DomainzCustomerCartJourneyTest">
    <ignored/>
  </testcase> <!-- verifyHostingSignupForNewCustomer -->
  <testcase name="verifySSLForExistingCustomer" time="0.0" classname="com.paymentgateway.ui.dmz.testcases.DomainzCustomerCartJourneyTest">
    <ignored/>
  </testcase> <!-- verifySSLForExistingCustomer -->
  <testcase name="verifySocialMediaAdvertisingForNewCustomer" time="0.0" classname="com.paymentgateway.ui.dmz.testcases.DomainzCustomerCartJourneyTest">
    <ignored/>
  </testcase> <!-- verifySocialMediaAdvertisingForNewCustomer -->
</testsuite> <!-- Default test -->
