<?xml version="1.0" encoding="UTF-8"?>
<!-- Generated by org.testng.reporters.JUnitXMLReporter -->
<testsuite hostname="MIT01524" ignored="0" name="Payment Gateway Test Cases" tests="8" failures="2" timestamp="01 Jun 2018 01:00:32 GMT" time="172.804" errors="0">
  <testcase name="PG69_verifyBTFormFieldsUsingValidVisaCard" time="14.938" classname="com.paymentgateway.ui.dmz.testcases.DomainzPG69CartTest"/>
  <testcase name="PG69_verifyBTFormFieldsUsingValidMasterCard" time="14.947" classname="com.paymentgateway.ui.dmz.testcases.DomainzPG69CartTest"/>
  <testcase name="PG69_verifyBTCardOwnerFieldUsingAlphaNumericCharacters" time="14.903" classname="com.paymentgateway.ui.dmz.testcases.DomainzPG69CartTest"/>
  <testcase name="PG69_verifyBTCardOwnerFieldUsingSpecialCharacters" time="14.613" classname="com.paymentgateway.ui.dmz.testcases.DomainzPG69CartTest"/>
  <testcase name="PG69_verifyBTCardOwnerFieldUsingFullStopAndSpaces" time="15.026" classname="com.paymentgateway.ui.dmz.testcases.DomainzPG69CartTest"/>
  <testcase name="PG69_verifyBTCardOwnerFieldUsing26CharactersMaximumLength" time="14.65" classname="com.paymentgateway.ui.dmz.testcases.DomainzPG69CartTest"/>
  <testcase name="PG69_verifyBTCardNumberFieldUsingLessThan16Digits" time="14.569" classname="com.paymentgateway.ui.dmz.testcases.DomainzPG69CartTest">
    <failure type="java.lang.AssertionError" message="expected [true] but found [false]">
      <![CDATA[java.lang.AssertionError: expected [true] but found [false]
at com.paymentgateway.ui.dmz.testcases.DomainzPG69CartTest.PG69_verifyBTCardNumberFieldUsingLessThan16Digits(DomainzPG69CartTest.java:527)
... Removed 29 stack frames]]>
    </failure>
  </testcase> <!-- PG69_verifyBTCardNumberFieldUsingLessThan16Digits -->
  <testcase name="PG69_verifyBTCardNumberFieldUsingMoreThan16Digits" time="14.651" classname="com.paymentgateway.ui.dmz.testcases.DomainzPG69CartTest">
    <failure type="java.lang.AssertionError" message="expected [true] but found [false]">
      <![CDATA[java.lang.AssertionError: expected [true] but found [false]
at com.paymentgateway.ui.dmz.testcases.DomainzPG69CartTest.PG69_verifyBTCardNumberFieldUsingMoreThan16Digits(DomainzPG69CartTest.java:568)
... Removed 29 stack frames]]>
    </failure>
  </testcase> <!-- PG69_verifyBTCardNumberFieldUsingMoreThan16Digits -->
</testsuite> <!-- Payment Gateway Test Cases -->
