<!DOCTYPE html>

<html>
  <head>
  <meta charset='utf-8'>
  <title>TestNG reports</title>

    <link type="text/css" href="testng-reports.css" rel="stylesheet" />
    <script type="text/javascript" src="jquery-1.7.1.min.js"></script>
    <script type="text/javascript" src="testng-reports.js"></script>
    <script type="text/javascript" src="https://www.google.com/jsapi"></script>
    <script type='text/javascript'>
      google.load('visualization', '1', {packages:['table']});
      google.setOnLoadCallback(drawTable);
      var suiteTableInitFunctions = new Array();
      var suiteTableData = new Array();
    </script>
    <!--
      <script type="text/javascript" src="jquery-ui/js/jquery-ui-1.8.16.custom.min.js"></script>
     -->
  </head>

  <body>
    <div class="top-banner-root">
      <span class="top-banner-title-font">Test results</span>
      <br/>
      <span class="top-banner-font-1">4 suites</span>
    </div> <!-- top-banner-root -->
    <div class="navigator-root">
      <div class="navigator-suite-header">
        <span>All suites</span>
        <a href="#" class="collapse-all-link" title="Collapse/expand all the suites">
          <img class="collapse-all-icon" src="collapseall.gif">
          </img> <!-- collapse-all-icon -->
        </a> <!-- collapse-all-link -->
      </div> <!-- navigator-suite-header -->
      <div class="suite">
        <div class="rounded-window">
          <div class="suite-header light-rounded-window-top">
            <a href="#" class="navigator-link" panel-name="suite-Payment_Gateway_Project_Test_Automation_QA_Staging_Test_Suite">
              <span class="suite-name border-passed">Payment Gateway Project Test Automation QA Staging Test Suite</span>
            </a> <!-- navigator-link -->
          </div> <!-- suite-header light-rounded-window-top -->
          <div class="navigator-suite-content">
            <div class="suite-section-title">
              <span>Info</span>
            </div> <!-- suite-section-title -->
            <div class="suite-section-content">
              <ul>
                <li>
                  <a href="#" class="navigator-link " panel-name="test-xml-Payment_Gateway_Project_Test_Automation_QA_Staging_Test_Suite">
                    <span>C:\Users\roy.alcantara\Desktop\QA\TestAutomationProject\src\main\resources\testng_PGQAStaging.xml</span>
                  </a> <!-- navigator-link  -->
                </li>
                <li>
                  <a href="#" class="navigator-link " panel-name="testlist-Payment_Gateway_Project_Test_Automation_QA_Staging_Test_Suite">
                    <span class="test-stats">1 test</span>
                  </a> <!-- navigator-link  -->
                </li>
                <li>
                  <a href="#" class="navigator-link " panel-name="group-Payment_Gateway_Project_Test_Automation_QA_Staging_Test_Suite">
                    <span>0 groups</span>
                  </a> <!-- navigator-link  -->
                </li>
                <li>
                  <a href="#" class="navigator-link " panel-name="times-Payment_Gateway_Project_Test_Automation_QA_Staging_Test_Suite">
                    <span>Times</span>
                  </a> <!-- navigator-link  -->
                </li>
                <li>
                  <a href="#" class="navigator-link " panel-name="reporter-Payment_Gateway_Project_Test_Automation_QA_Staging_Test_Suite">
                    <span>Reporter output</span>
                  </a> <!-- navigator-link  -->
                </li>
                <li>
                  <a href="#" class="navigator-link " panel-name="ignored-methods-Payment_Gateway_Project_Test_Automation_QA_Staging_Test_Suite">
                    <span>Ignored methods</span>
                  </a> <!-- navigator-link  -->
                </li>
                <li>
                  <a href="#" class="navigator-link " panel-name="chronological-Payment_Gateway_Project_Test_Automation_QA_Staging_Test_Suite">
                    <span>Chronological view</span>
                  </a> <!-- navigator-link  -->
                </li>
              </ul>
            </div> <!-- suite-section-content -->
            <div class="result-section">
              <div class="suite-section-title">
                <span>Results</span>
              </div> <!-- suite-section-title -->
              <div class="suite-section-content">
                <ul>
                  <li>
                    <span class="method-stats">4 methods,   4 passed</span>
                  </li>
                  <li>
                    <span class="method-list-title passed">Passed methods</span>
                    <span class="show-or-hide-methods passed">
                      <a href="#" panel-name="suite-Payment_Gateway_Project_Test_Automation_QA_Staging_Test_Suite" class="hide-methods passed suite-Payment_Gateway_Project_Test_Automation_QA_Staging_Test_Suite"> (hide)</a> <!-- hide-methods passed suite-Payment_Gateway_Project_Test_Automation_QA_Staging_Test_Suite -->
                      <a href="#" panel-name="suite-Payment_Gateway_Project_Test_Automation_QA_Staging_Test_Suite" class="show-methods passed suite-Payment_Gateway_Project_Test_Automation_QA_Staging_Test_Suite"> (show)</a> <!-- show-methods passed suite-Payment_Gateway_Project_Test_Automation_QA_Staging_Test_Suite -->
                    </span>
                    <div class="method-list-content passed suite-Payment_Gateway_Project_Test_Automation_QA_Staging_Test_Suite">
                      <span>
                        <img width="3%" src="passed.png"/>
                        <a href="#" class="method navigator-link" panel-name="suite-Payment_Gateway_Project_Test_Automation_QA_Staging_Test_Suite" title="com.paymentgateway.ui.dmz.testcases.DomainRegistrationPreAuthTest" hash-for-method="verifyPreAuthForExistingCustomerMultipleDomains">verifyPreAuthForExistingCustomerMultipleDomains</a> <!-- method navigator-link -->
                      </span>
                      <br/>
                      <span>
                        <img width="3%" src="passed.png"/>
                        <a href="#" class="method navigator-link" panel-name="suite-Payment_Gateway_Project_Test_Automation_QA_Staging_Test_Suite" title="com.paymentgateway.ui.dmz.testcases.DomainRegistrationPreAuthTest" hash-for-method="verifyPreAuthForExistingCustomerMultipleProducts">verifyPreAuthForExistingCustomerMultipleProducts</a> <!-- method navigator-link -->
                      </span>
                      <br/>
                      <span>
                        <img width="3%" src="passed.png"/>
                        <a href="#" class="method navigator-link" panel-name="suite-Payment_Gateway_Project_Test_Automation_QA_Staging_Test_Suite" title="com.paymentgateway.ui.dmz.testcases.DomainRegistrationPreAuthTest" hash-for-method="verifyPreAuthForNewCustomerSingleDomain">verifyPreAuthForNewCustomerSingleDomain</a> <!-- method navigator-link -->
                      </span>
                      <br/>
                      <span>
                        <img width="3%" src="passed.png"/>
                        <a href="#" class="method navigator-link" panel-name="suite-Payment_Gateway_Project_Test_Automation_QA_Staging_Test_Suite" title="com.paymentgateway.ui.dmz.testcases.DomainRegistrationPreAuthTest" hash-for-method="verifyPreAuthForNewCustomerSingleProduct">verifyPreAuthForNewCustomerSingleProduct</a> <!-- method navigator-link -->
                      </span>
                      <br/>
                    </div> <!-- method-list-content passed suite-Payment_Gateway_Project_Test_Automation_QA_Staging_Test_Suite -->
                  </li>
                </ul>
              </div> <!-- suite-section-content -->
            </div> <!-- result-section -->
          </div> <!-- navigator-suite-content -->
        </div> <!-- rounded-window -->
      </div> <!-- suite -->
      <div class="suite">
        <div class="rounded-window">
          <div class="suite-header light-rounded-window-top">
            <a href="#" class="navigator-link" panel-name="suite-Payment_Gateway_Project_Test_Automation_QA_Production_Test_Suite">
              <span class="suite-name border-skipped">Payment Gateway Project Test Automation QA Production Test Suite</span>
            </a> <!-- navigator-link -->
          </div> <!-- suite-header light-rounded-window-top -->
          <div class="navigator-suite-content">
            <div class="suite-section-title">
              <span>Info</span>
            </div> <!-- suite-section-title -->
            <div class="suite-section-content">
              <ul>
                <li>
                  <a href="#" class="navigator-link " panel-name="test-xml-Payment_Gateway_Project_Test_Automation_QA_Production_Test_Suite">
                    <span>C:\Users\roy.alcantara\Desktop\QA\TestAutomationProject\src\main\resources\testng_PGQAProduction.xml</span>
                  </a> <!-- navigator-link  -->
                </li>
                <li>
                  <a href="#" class="navigator-link " panel-name="testlist-Payment_Gateway_Project_Test_Automation_QA_Production_Test_Suite">
                    <span class="test-stats">1 test</span>
                  </a> <!-- navigator-link  -->
                </li>
                <li>
                  <a href="#" class="navigator-link " panel-name="group-Payment_Gateway_Project_Test_Automation_QA_Production_Test_Suite">
                    <span>0 groups</span>
                  </a> <!-- navigator-link  -->
                </li>
                <li>
                  <a href="#" class="navigator-link " panel-name="times-Payment_Gateway_Project_Test_Automation_QA_Production_Test_Suite">
                    <span>Times</span>
                  </a> <!-- navigator-link  -->
                </li>
                <li>
                  <a href="#" class="navigator-link " panel-name="reporter-Payment_Gateway_Project_Test_Automation_QA_Production_Test_Suite">
                    <span>Reporter output</span>
                  </a> <!-- navigator-link  -->
                </li>
                <li>
                  <a href="#" class="navigator-link " panel-name="ignored-methods-Payment_Gateway_Project_Test_Automation_QA_Production_Test_Suite">
                    <span>Ignored methods</span>
                  </a> <!-- navigator-link  -->
                </li>
                <li>
                  <a href="#" class="navigator-link " panel-name="chronological-Payment_Gateway_Project_Test_Automation_QA_Production_Test_Suite">
                    <span>Chronological view</span>
                  </a> <!-- navigator-link  -->
                </li>
              </ul>
            </div> <!-- suite-section-content -->
            <div class="result-section">
              <div class="suite-section-title">
                <span>Results</span>
              </div> <!-- suite-section-title -->
              <div class="suite-section-content">
                <ul>
                  <li>
                    <span class="method-stats">4 methods,  4 skipped,  </span>
                  </li>
                  <li>
                    <span class="method-list-title skipped">Skipped methods</span>
                    <span class="show-or-hide-methods skipped">
                      <a href="#" panel-name="suite-Payment_Gateway_Project_Test_Automation_QA_Production_Test_Suite" class="hide-methods skipped suite-Payment_Gateway_Project_Test_Automation_QA_Production_Test_Suite"> (hide)</a> <!-- hide-methods skipped suite-Payment_Gateway_Project_Test_Automation_QA_Production_Test_Suite -->
                      <a href="#" panel-name="suite-Payment_Gateway_Project_Test_Automation_QA_Production_Test_Suite" class="show-methods skipped suite-Payment_Gateway_Project_Test_Automation_QA_Production_Test_Suite"> (show)</a> <!-- show-methods skipped suite-Payment_Gateway_Project_Test_Automation_QA_Production_Test_Suite -->
                    </span>
                    <div class="method-list-content skipped suite-Payment_Gateway_Project_Test_Automation_QA_Production_Test_Suite">
                      <span>
                        <img width="3%" src="skipped.png"/>
                        <a href="#" class="method navigator-link" panel-name="suite-Payment_Gateway_Project_Test_Automation_QA_Production_Test_Suite" title="com.paymentgateway.ui.dmz.testcases.DomainRegistrationPreAuthTest" hash-for-method="verifyPreAuthForExistingCustomerMultipleDomains">verifyPreAuthForExistingCustomerMultipleDomains</a> <!-- method navigator-link -->
                      </span>
                      <br/>
                      <span>
                        <img width="3%" src="skipped.png"/>
                        <a href="#" class="method navigator-link" panel-name="suite-Payment_Gateway_Project_Test_Automation_QA_Production_Test_Suite" title="com.paymentgateway.ui.dmz.testcases.DomainRegistrationPreAuthTest" hash-for-method="verifyPreAuthForExistingCustomerMultipleProducts">verifyPreAuthForExistingCustomerMultipleProducts</a> <!-- method navigator-link -->
                      </span>
                      <br/>
                      <span>
                        <img width="3%" src="skipped.png"/>
                        <a href="#" class="method navigator-link" panel-name="suite-Payment_Gateway_Project_Test_Automation_QA_Production_Test_Suite" title="com.paymentgateway.ui.dmz.testcases.DomainRegistrationPreAuthTest" hash-for-method="verifyPreAuthForNewCustomerSingleDomain">verifyPreAuthForNewCustomerSingleDomain</a> <!-- method navigator-link -->
                      </span>
                      <br/>
                      <span>
                        <img width="3%" src="skipped.png"/>
                        <a href="#" class="method navigator-link" panel-name="suite-Payment_Gateway_Project_Test_Automation_QA_Production_Test_Suite" title="com.paymentgateway.ui.dmz.testcases.DomainRegistrationPreAuthTest" hash-for-method="verifyPreAuthForNewCustomerSingleProduct">verifyPreAuthForNewCustomerSingleProduct</a> <!-- method navigator-link -->
                      </span>
                      <br/>
                    </div> <!-- method-list-content skipped suite-Payment_Gateway_Project_Test_Automation_QA_Production_Test_Suite -->
                  </li>
                </ul>
              </div> <!-- suite-section-content -->
            </div> <!-- result-section -->
          </div> <!-- navigator-suite-content -->
        </div> <!-- rounded-window -->
      </div> <!-- suite -->
      <div class="suite">
        <div class="rounded-window">
          <div class="suite-header light-rounded-window-top">
            <a href="#" class="navigator-link" panel-name="suite-Payment_Gateway_Project_Test_Automation_Dev_Test_Suite">
              <span class="suite-name border-passed">Payment Gateway Project Test Automation Dev Test Suite</span>
            </a> <!-- navigator-link -->
          </div> <!-- suite-header light-rounded-window-top -->
          <div class="navigator-suite-content">
            <div class="suite-section-title">
              <span>Info</span>
            </div> <!-- suite-section-title -->
            <div class="suite-section-content">
              <ul>
                <li>
                  <a href="#" class="navigator-link " panel-name="test-xml-Payment_Gateway_Project_Test_Automation_Dev_Test_Suite">
                    <span>C:\Users\roy.alcantara\Desktop\QA\TestAutomationProject\src\main\resources\testng_PGDEV.xml</span>
                  </a> <!-- navigator-link  -->
                </li>
                <li>
                  <a href="#" class="navigator-link " panel-name="testlist-Payment_Gateway_Project_Test_Automation_Dev_Test_Suite">
                    <span class="test-stats">1 test</span>
                  </a> <!-- navigator-link  -->
                </li>
                <li>
                  <a href="#" class="navigator-link " panel-name="group-Payment_Gateway_Project_Test_Automation_Dev_Test_Suite">
                    <span>0 groups</span>
                  </a> <!-- navigator-link  -->
                </li>
                <li>
                  <a href="#" class="navigator-link " panel-name="times-Payment_Gateway_Project_Test_Automation_Dev_Test_Suite">
                    <span>Times</span>
                  </a> <!-- navigator-link  -->
                </li>
                <li>
                  <a href="#" class="navigator-link " panel-name="reporter-Payment_Gateway_Project_Test_Automation_Dev_Test_Suite">
                    <span>Reporter output</span>
                  </a> <!-- navigator-link  -->
                </li>
                <li>
                  <a href="#" class="navigator-link " panel-name="ignored-methods-Payment_Gateway_Project_Test_Automation_Dev_Test_Suite">
                    <span>Ignored methods</span>
                  </a> <!-- navigator-link  -->
                </li>
                <li>
                  <a href="#" class="navigator-link " panel-name="chronological-Payment_Gateway_Project_Test_Automation_Dev_Test_Suite">
                    <span>Chronological view</span>
                  </a> <!-- navigator-link  -->
                </li>
              </ul>
            </div> <!-- suite-section-content -->
            <div class="result-section">
              <div class="suite-section-title">
                <span>Results</span>
              </div> <!-- suite-section-title -->
              <div class="suite-section-content">
                <ul>
                  <li>
                    <span class="method-stats">4 methods,   4 passed</span>
                  </li>
                  <li>
                    <span class="method-list-title passed">Passed methods</span>
                    <span class="show-or-hide-methods passed">
                      <a href="#" panel-name="suite-Payment_Gateway_Project_Test_Automation_Dev_Test_Suite" class="hide-methods passed suite-Payment_Gateway_Project_Test_Automation_Dev_Test_Suite"> (hide)</a> <!-- hide-methods passed suite-Payment_Gateway_Project_Test_Automation_Dev_Test_Suite -->
                      <a href="#" panel-name="suite-Payment_Gateway_Project_Test_Automation_Dev_Test_Suite" class="show-methods passed suite-Payment_Gateway_Project_Test_Automation_Dev_Test_Suite"> (show)</a> <!-- show-methods passed suite-Payment_Gateway_Project_Test_Automation_Dev_Test_Suite -->
                    </span>
                    <div class="method-list-content passed suite-Payment_Gateway_Project_Test_Automation_Dev_Test_Suite">
                      <span>
                        <img width="3%" src="passed.png"/>
                        <a href="#" class="method navigator-link" panel-name="suite-Payment_Gateway_Project_Test_Automation_Dev_Test_Suite" title="com.paymentgateway.ui.dmz.testcases.DomainRegistrationPreAuthTest" hash-for-method="verifyPreAuthForExistingCustomerMultipleDomains">verifyPreAuthForExistingCustomerMultipleDomains</a> <!-- method navigator-link -->
                      </span>
                      <br/>
                      <span>
                        <img width="3%" src="passed.png"/>
                        <a href="#" class="method navigator-link" panel-name="suite-Payment_Gateway_Project_Test_Automation_Dev_Test_Suite" title="com.paymentgateway.ui.dmz.testcases.DomainRegistrationPreAuthTest" hash-for-method="verifyPreAuthForExistingCustomerMultipleProducts">verifyPreAuthForExistingCustomerMultipleProducts</a> <!-- method navigator-link -->
                      </span>
                      <br/>
                      <span>
                        <img width="3%" src="passed.png"/>
                        <a href="#" class="method navigator-link" panel-name="suite-Payment_Gateway_Project_Test_Automation_Dev_Test_Suite" title="com.paymentgateway.ui.dmz.testcases.DomainRegistrationPreAuthTest" hash-for-method="verifyPreAuthForNewCustomerSingleDomain">verifyPreAuthForNewCustomerSingleDomain</a> <!-- method navigator-link -->
                      </span>
                      <br/>
                      <span>
                        <img width="3%" src="passed.png"/>
                        <a href="#" class="method navigator-link" panel-name="suite-Payment_Gateway_Project_Test_Automation_Dev_Test_Suite" title="com.paymentgateway.ui.dmz.testcases.DomainRegistrationPreAuthTest" hash-for-method="verifyPreAuthForNewCustomerSingleProduct">verifyPreAuthForNewCustomerSingleProduct</a> <!-- method navigator-link -->
                      </span>
                      <br/>
                    </div> <!-- method-list-content passed suite-Payment_Gateway_Project_Test_Automation_Dev_Test_Suite -->
                  </li>
                </ul>
              </div> <!-- suite-section-content -->
            </div> <!-- result-section -->
          </div> <!-- navigator-suite-content -->
        </div> <!-- rounded-window -->
      </div> <!-- suite -->
      <div class="suite">
        <div class="rounded-window">
          <div class="suite-header light-rounded-window-top">
            <a href="#" class="navigator-link" panel-name="suite-Payment_Gateway_Project_Test_Automation_QA_UAT_Test_Suite">
              <span class="suite-name border-skipped">Payment Gateway Project Test Automation QA UAT Test Suite</span>
            </a> <!-- navigator-link -->
          </div> <!-- suite-header light-rounded-window-top -->
          <div class="navigator-suite-content">
            <div class="suite-section-title">
              <span>Info</span>
            </div> <!-- suite-section-title -->
            <div class="suite-section-content">
              <ul>
                <li>
                  <a href="#" class="navigator-link " panel-name="test-xml-Payment_Gateway_Project_Test_Automation_QA_UAT_Test_Suite">
                    <span>C:\Users\roy.alcantara\Desktop\QA\TestAutomationProject\src\main\resources\testng_PGQAUat.xml</span>
                  </a> <!-- navigator-link  -->
                </li>
                <li>
                  <a href="#" class="navigator-link " panel-name="testlist-Payment_Gateway_Project_Test_Automation_QA_UAT_Test_Suite">
                    <span class="test-stats">1 test</span>
                  </a> <!-- navigator-link  -->
                </li>
                <li>
                  <a href="#" class="navigator-link " panel-name="group-Payment_Gateway_Project_Test_Automation_QA_UAT_Test_Suite">
                    <span>0 groups</span>
                  </a> <!-- navigator-link  -->
                </li>
                <li>
                  <a href="#" class="navigator-link " panel-name="times-Payment_Gateway_Project_Test_Automation_QA_UAT_Test_Suite">
                    <span>Times</span>
                  </a> <!-- navigator-link  -->
                </li>
                <li>
                  <a href="#" class="navigator-link " panel-name="reporter-Payment_Gateway_Project_Test_Automation_QA_UAT_Test_Suite">
                    <span>Reporter output</span>
                  </a> <!-- navigator-link  -->
                </li>
                <li>
                  <a href="#" class="navigator-link " panel-name="ignored-methods-Payment_Gateway_Project_Test_Automation_QA_UAT_Test_Suite">
                    <span>Ignored methods</span>
                  </a> <!-- navigator-link  -->
                </li>
                <li>
                  <a href="#" class="navigator-link " panel-name="chronological-Payment_Gateway_Project_Test_Automation_QA_UAT_Test_Suite">
                    <span>Chronological view</span>
                  </a> <!-- navigator-link  -->
                </li>
              </ul>
            </div> <!-- suite-section-content -->
            <div class="result-section">
              <div class="suite-section-title">
                <span>Results</span>
              </div> <!-- suite-section-title -->
              <div class="suite-section-content">
                <ul>
                  <li>
                    <span class="method-stats">4 methods,  4 skipped,  </span>
                  </li>
                  <li>
                    <span class="method-list-title skipped">Skipped methods</span>
                    <span class="show-or-hide-methods skipped">
                      <a href="#" panel-name="suite-Payment_Gateway_Project_Test_Automation_QA_UAT_Test_Suite" class="hide-methods skipped suite-Payment_Gateway_Project_Test_Automation_QA_UAT_Test_Suite"> (hide)</a> <!-- hide-methods skipped suite-Payment_Gateway_Project_Test_Automation_QA_UAT_Test_Suite -->
                      <a href="#" panel-name="suite-Payment_Gateway_Project_Test_Automation_QA_UAT_Test_Suite" class="show-methods skipped suite-Payment_Gateway_Project_Test_Automation_QA_UAT_Test_Suite"> (show)</a> <!-- show-methods skipped suite-Payment_Gateway_Project_Test_Automation_QA_UAT_Test_Suite -->
                    </span>
                    <div class="method-list-content skipped suite-Payment_Gateway_Project_Test_Automation_QA_UAT_Test_Suite">
                      <span>
                        <img width="3%" src="skipped.png"/>
                        <a href="#" class="method navigator-link" panel-name="suite-Payment_Gateway_Project_Test_Automation_QA_UAT_Test_Suite" title="com.paymentgateway.ui.dmz.testcases.DomainRegistrationPreAuthTest" hash-for-method="verifyPreAuthForExistingCustomerMultipleDomains">verifyPreAuthForExistingCustomerMultipleDomains</a> <!-- method navigator-link -->
                      </span>
                      <br/>
                      <span>
                        <img width="3%" src="skipped.png"/>
                        <a href="#" class="method navigator-link" panel-name="suite-Payment_Gateway_Project_Test_Automation_QA_UAT_Test_Suite" title="com.paymentgateway.ui.dmz.testcases.DomainRegistrationPreAuthTest" hash-for-method="verifyPreAuthForExistingCustomerMultipleProducts">verifyPreAuthForExistingCustomerMultipleProducts</a> <!-- method navigator-link -->
                      </span>
                      <br/>
                      <span>
                        <img width="3%" src="skipped.png"/>
                        <a href="#" class="method navigator-link" panel-name="suite-Payment_Gateway_Project_Test_Automation_QA_UAT_Test_Suite" title="com.paymentgateway.ui.dmz.testcases.DomainRegistrationPreAuthTest" hash-for-method="verifyPreAuthForNewCustomerSingleDomain">verifyPreAuthForNewCustomerSingleDomain</a> <!-- method navigator-link -->
                      </span>
                      <br/>
                      <span>
                        <img width="3%" src="skipped.png"/>
                        <a href="#" class="method navigator-link" panel-name="suite-Payment_Gateway_Project_Test_Automation_QA_UAT_Test_Suite" title="com.paymentgateway.ui.dmz.testcases.DomainRegistrationPreAuthTest" hash-for-method="verifyPreAuthForNewCustomerSingleProduct">verifyPreAuthForNewCustomerSingleProduct</a> <!-- method navigator-link -->
                      </span>
                      <br/>
                    </div> <!-- method-list-content skipped suite-Payment_Gateway_Project_Test_Automation_QA_UAT_Test_Suite -->
                  </li>
                </ul>
              </div> <!-- suite-section-content -->
            </div> <!-- result-section -->
          </div> <!-- navigator-suite-content -->
        </div> <!-- rounded-window -->
      </div> <!-- suite -->
    </div> <!-- navigator-root -->
    <div class="wrapper">
      <div class="main-panel-root">
        <div panel-name="suite-Payment_Gateway_Project_Test_Automation_QA_Staging_Test_Suite" class="panel Payment_Gateway_Project_Test_Automation_QA_Staging_Test_Suite">
          <div class="suite-Payment_Gateway_Project_Test_Automation_QA_Staging_Test_Suite-class-passed">
            <div class="main-panel-header rounded-window-top">
              <img src="passed.png"/>
              <span class="class-name">com.paymentgateway.ui.dmz.testcases.DomainRegistrationPreAuthTest</span>
            </div> <!-- main-panel-header rounded-window-top -->
            <div class="main-panel-content rounded-window-bottom">
              <div class="method">
                <div class="method-content">
                  <a name="verifyPreAuthForExistingCustomerMultipleDomains">
                  </a> <!-- verifyPreAuthForExistingCustomerMultipleDomains -->
                  <span class="method-name">verifyPreAuthForExistingCustomerMultipleDomains</span>
                </div> <!-- method-content -->
              </div> <!-- method -->
              <div class="method">
                <div class="method-content">
                  <a name="verifyPreAuthForExistingCustomerMultipleProducts">
                  </a> <!-- verifyPreAuthForExistingCustomerMultipleProducts -->
                  <span class="method-name">verifyPreAuthForExistingCustomerMultipleProducts</span>
                </div> <!-- method-content -->
              </div> <!-- method -->
              <div class="method">
                <div class="method-content">
                  <a name="verifyPreAuthForNewCustomerSingleDomain">
                  </a> <!-- verifyPreAuthForNewCustomerSingleDomain -->
                  <span class="method-name">verifyPreAuthForNewCustomerSingleDomain</span>
                </div> <!-- method-content -->
              </div> <!-- method -->
              <div class="method">
                <div class="method-content">
                  <a name="verifyPreAuthForNewCustomerSingleProduct">
                  </a> <!-- verifyPreAuthForNewCustomerSingleProduct -->
                  <span class="method-name">verifyPreAuthForNewCustomerSingleProduct</span>
                </div> <!-- method-content -->
              </div> <!-- method -->
            </div> <!-- main-panel-content rounded-window-bottom -->
          </div> <!-- suite-Payment_Gateway_Project_Test_Automation_QA_Staging_Test_Suite-class-passed -->
        </div> <!-- panel Payment_Gateway_Project_Test_Automation_QA_Staging_Test_Suite -->
        <div panel-name="suite-Payment_Gateway_Project_Test_Automation_QA_Production_Test_Suite" class="panel Payment_Gateway_Project_Test_Automation_QA_Production_Test_Suite">
          <div class="suite-Payment_Gateway_Project_Test_Automation_QA_Production_Test_Suite-class-skipped">
            <div class="main-panel-header rounded-window-top">
              <img src="skipped.png"/>
              <span class="class-name">com.paymentgateway.ui.dmz.testcases.DomainRegistrationPreAuthTest</span>
            </div> <!-- main-panel-header rounded-window-top -->
            <div class="main-panel-content rounded-window-bottom">
              <div class="method">
                <div class="method-content">
                  <a name="verifyPreAuthForExistingCustomerMultipleDomains">
                  </a> <!-- verifyPreAuthForExistingCustomerMultipleDomains -->
                  <span class="method-name">verifyPreAuthForExistingCustomerMultipleDomains</span>
                  <div class="stack-trace">org.openqa.selenium.WebDriverException: unknown error: unhandled inspector error: {&quot;code&quot;:-32000,&quot;message&quot;:&quot;Cannot navigate to invalid URL&quot;}
  (Session info: chrome=64.0.3282.167)
  (Driver info: chromedriver=2.33.506120 (e3e53437346286c0bc2d2dc9aa4915ba81d9023f),platform=Windows NT 10.0.14393 x86_64) (WARNING: The server did not provide any stacktrace information)
Command duration or timeout: 0 milliseconds
Build info: version: &apos;3.11.0&apos;, revision: &apos;e59cfb3&apos;, time: &apos;2018-03-11T20:26:55.152Z&apos;
System info: host: &apos;MIT01524&apos;, ip: &apos;192.168.192.79&apos;, os.name: &apos;Windows 10&apos;, os.arch: &apos;amd64&apos;, os.version: &apos;10.0&apos;, java.version: &apos;1.8.0_162&apos;
Driver info: org.openqa.selenium.chrome.ChromeDriver
Capabilities {acceptSslCerts: true, applicationCacheEnabled: false, browserConnectionEnabled: false, browserName: chrome, chrome: {chromedriverVersion: 2.33.506120 (e3e53437346286..., userDataDir: C:\Users\ROY~1.ALC\AppData\...}, cssSelectorsEnabled: true, databaseEnabled: false, handlesAlerts: true, hasTouchScreen: false, javascriptEnabled: true, locationContextEnabled: true, mobileEmulationEnabled: false, nativeEvents: true, networkConnectionEnabled: false, pageLoadStrategy: normal, platform: XP, platformName: XP, rotatable: false, setWindowRect: true, takesHeapSnapshot: true, takesScreenshot: true, unexpectedAlertBehaviour: , unhandledPromptBehavior: , version: 64.0.3282.167, webStorageEnabled: true}
Session ID: d416aa5827fc2f0433e8342d2d531b82
	at org.openqa.selenium.remote.ErrorHandler.createThrowable(ErrorHandler.java:214)
	at org.openqa.selenium.remote.ErrorHandler.throwIfResponseFailed(ErrorHandler.java:166)
	at org.openqa.selenium.remote.http.JsonHttpResponseCodec.reconstructValue(JsonHttpResponseCodec.java:40)
	at org.openqa.selenium.remote.http.AbstractHttpResponseCodec.decode(AbstractHttpResponseCodec.java:80)
	at org.openqa.selenium.remote.http.AbstractHttpResponseCodec.decode(AbstractHttpResponseCodec.java:44)
	at org.openqa.selenium.remote.HttpCommandExecutor.execute(HttpCommandExecutor.java:158)
	at org.openqa.selenium.remote.service.DriverCommandExecutor.execute(DriverCommandExecutor.java:83)
	at org.openqa.selenium.remote.RemoteWebDriver.execute(RemoteWebDriver.java:545)
	at org.openqa.selenium.remote.RemoteWebDriver.get(RemoteWebDriver.java:273)
	at org.openqa.selenium.support.events.EventFiringWebDriver.lambda$new$1(EventFiringWebDriver.java:103)
	at com.sun.proxy.$Proxy10.get(Unknown Source)
	at org.openqa.selenium.support.events.EventFiringWebDriver.get(EventFiringWebDriver.java:161)
	at com.base.TestBase.initialization(TestBase.java:60)
	at com.paymentgateway.ui.dmz.testcases.DomainRegistrationPreAuthTest.setUp(DomainRegistrationPreAuthTest.java:47)
... Removed 39 stack frames
</div> <!-- stack-trace -->
                </div> <!-- method-content -->
              </div> <!-- method -->
              <div class="method">
                <div class="method-content">
                  <a name="verifyPreAuthForExistingCustomerMultipleProducts">
                  </a> <!-- verifyPreAuthForExistingCustomerMultipleProducts -->
                  <span class="method-name">verifyPreAuthForExistingCustomerMultipleProducts</span>
                  <div class="stack-trace">org.openqa.selenium.WebDriverException: unknown error: unhandled inspector error: {&quot;code&quot;:-32000,&quot;message&quot;:&quot;Cannot navigate to invalid URL&quot;}
  (Session info: chrome=64.0.3282.167)
  (Driver info: chromedriver=2.33.506120 (e3e53437346286c0bc2d2dc9aa4915ba81d9023f),platform=Windows NT 10.0.14393 x86_64) (WARNING: The server did not provide any stacktrace information)
Command duration or timeout: 0 milliseconds
Build info: version: &apos;3.11.0&apos;, revision: &apos;e59cfb3&apos;, time: &apos;2018-03-11T20:26:55.152Z&apos;
System info: host: &apos;MIT01524&apos;, ip: &apos;192.168.192.79&apos;, os.name: &apos;Windows 10&apos;, os.arch: &apos;amd64&apos;, os.version: &apos;10.0&apos;, java.version: &apos;1.8.0_162&apos;
Driver info: org.openqa.selenium.chrome.ChromeDriver
Capabilities {acceptSslCerts: true, applicationCacheEnabled: false, browserConnectionEnabled: false, browserName: chrome, chrome: {chromedriverVersion: 2.33.506120 (e3e53437346286..., userDataDir: C:\Users\ROY~1.ALC\AppData\...}, cssSelectorsEnabled: true, databaseEnabled: false, handlesAlerts: true, hasTouchScreen: false, javascriptEnabled: true, locationContextEnabled: true, mobileEmulationEnabled: false, nativeEvents: true, networkConnectionEnabled: false, pageLoadStrategy: normal, platform: XP, platformName: XP, rotatable: false, setWindowRect: true, takesHeapSnapshot: true, takesScreenshot: true, unexpectedAlertBehaviour: , unhandledPromptBehavior: , version: 64.0.3282.167, webStorageEnabled: true}
Session ID: d416aa5827fc2f0433e8342d2d531b82
	at org.openqa.selenium.remote.ErrorHandler.createThrowable(ErrorHandler.java:214)
	at org.openqa.selenium.remote.ErrorHandler.throwIfResponseFailed(ErrorHandler.java:166)
	at org.openqa.selenium.remote.http.JsonHttpResponseCodec.reconstructValue(JsonHttpResponseCodec.java:40)
	at org.openqa.selenium.remote.http.AbstractHttpResponseCodec.decode(AbstractHttpResponseCodec.java:80)
	at org.openqa.selenium.remote.http.AbstractHttpResponseCodec.decode(AbstractHttpResponseCodec.java:44)
	at org.openqa.selenium.remote.HttpCommandExecutor.execute(HttpCommandExecutor.java:158)
	at org.openqa.selenium.remote.service.DriverCommandExecutor.execute(DriverCommandExecutor.java:83)
	at org.openqa.selenium.remote.RemoteWebDriver.execute(RemoteWebDriver.java:545)
	at org.openqa.selenium.remote.RemoteWebDriver.get(RemoteWebDriver.java:273)
	at org.openqa.selenium.support.events.EventFiringWebDriver.lambda$new$1(EventFiringWebDriver.java:103)
	at com.sun.proxy.$Proxy10.get(Unknown Source)
	at org.openqa.selenium.support.events.EventFiringWebDriver.get(EventFiringWebDriver.java:161)
	at com.base.TestBase.initialization(TestBase.java:60)
	at com.paymentgateway.ui.dmz.testcases.DomainRegistrationPreAuthTest.setUp(DomainRegistrationPreAuthTest.java:47)
... Removed 39 stack frames
</div> <!-- stack-trace -->
                </div> <!-- method-content -->
              </div> <!-- method -->
              <div class="method">
                <div class="method-content">
                  <a name="verifyPreAuthForNewCustomerSingleDomain">
                  </a> <!-- verifyPreAuthForNewCustomerSingleDomain -->
                  <span class="method-name">verifyPreAuthForNewCustomerSingleDomain</span>
                  <div class="stack-trace">org.openqa.selenium.WebDriverException: unknown error: unhandled inspector error: {&quot;code&quot;:-32000,&quot;message&quot;:&quot;Cannot navigate to invalid URL&quot;}
  (Session info: chrome=64.0.3282.167)
  (Driver info: chromedriver=2.33.506120 (e3e53437346286c0bc2d2dc9aa4915ba81d9023f),platform=Windows NT 10.0.14393 x86_64) (WARNING: The server did not provide any stacktrace information)
Command duration or timeout: 0 milliseconds
Build info: version: &apos;3.11.0&apos;, revision: &apos;e59cfb3&apos;, time: &apos;2018-03-11T20:26:55.152Z&apos;
System info: host: &apos;MIT01524&apos;, ip: &apos;192.168.192.79&apos;, os.name: &apos;Windows 10&apos;, os.arch: &apos;amd64&apos;, os.version: &apos;10.0&apos;, java.version: &apos;1.8.0_162&apos;
Driver info: org.openqa.selenium.chrome.ChromeDriver
Capabilities {acceptSslCerts: true, applicationCacheEnabled: false, browserConnectionEnabled: false, browserName: chrome, chrome: {chromedriverVersion: 2.33.506120 (e3e53437346286..., userDataDir: C:\Users\ROY~1.ALC\AppData\...}, cssSelectorsEnabled: true, databaseEnabled: false, handlesAlerts: true, hasTouchScreen: false, javascriptEnabled: true, locationContextEnabled: true, mobileEmulationEnabled: false, nativeEvents: true, networkConnectionEnabled: false, pageLoadStrategy: normal, platform: XP, platformName: XP, rotatable: false, setWindowRect: true, takesHeapSnapshot: true, takesScreenshot: true, unexpectedAlertBehaviour: , unhandledPromptBehavior: , version: 64.0.3282.167, webStorageEnabled: true}
Session ID: d416aa5827fc2f0433e8342d2d531b82
	at org.openqa.selenium.remote.ErrorHandler.createThrowable(ErrorHandler.java:214)
	at org.openqa.selenium.remote.ErrorHandler.throwIfResponseFailed(ErrorHandler.java:166)
	at org.openqa.selenium.remote.http.JsonHttpResponseCodec.reconstructValue(JsonHttpResponseCodec.java:40)
	at org.openqa.selenium.remote.http.AbstractHttpResponseCodec.decode(AbstractHttpResponseCodec.java:80)
	at org.openqa.selenium.remote.http.AbstractHttpResponseCodec.decode(AbstractHttpResponseCodec.java:44)
	at org.openqa.selenium.remote.HttpCommandExecutor.execute(HttpCommandExecutor.java:158)
	at org.openqa.selenium.remote.service.DriverCommandExecutor.execute(DriverCommandExecutor.java:83)
	at org.openqa.selenium.remote.RemoteWebDriver.execute(RemoteWebDriver.java:545)
	at org.openqa.selenium.remote.RemoteWebDriver.get(RemoteWebDriver.java:273)
	at org.openqa.selenium.support.events.EventFiringWebDriver.lambda$new$1(EventFiringWebDriver.java:103)
	at com.sun.proxy.$Proxy10.get(Unknown Source)
	at org.openqa.selenium.support.events.EventFiringWebDriver.get(EventFiringWebDriver.java:161)
	at com.base.TestBase.initialization(TestBase.java:60)
	at com.paymentgateway.ui.dmz.testcases.DomainRegistrationPreAuthTest.setUp(DomainRegistrationPreAuthTest.java:47)
... Removed 39 stack frames
</div> <!-- stack-trace -->
                </div> <!-- method-content -->
              </div> <!-- method -->
              <div class="method">
                <div class="method-content">
                  <a name="verifyPreAuthForNewCustomerSingleProduct">
                  </a> <!-- verifyPreAuthForNewCustomerSingleProduct -->
                  <span class="method-name">verifyPreAuthForNewCustomerSingleProduct</span>
                  <div class="stack-trace">org.openqa.selenium.WebDriverException: unknown error: unhandled inspector error: {&quot;code&quot;:-32000,&quot;message&quot;:&quot;Cannot navigate to invalid URL&quot;}
  (Session info: chrome=64.0.3282.167)
  (Driver info: chromedriver=2.33.506120 (e3e53437346286c0bc2d2dc9aa4915ba81d9023f),platform=Windows NT 10.0.14393 x86_64) (WARNING: The server did not provide any stacktrace information)
Command duration or timeout: 0 milliseconds
Build info: version: &apos;3.11.0&apos;, revision: &apos;e59cfb3&apos;, time: &apos;2018-03-11T20:26:55.152Z&apos;
System info: host: &apos;MIT01524&apos;, ip: &apos;192.168.192.79&apos;, os.name: &apos;Windows 10&apos;, os.arch: &apos;amd64&apos;, os.version: &apos;10.0&apos;, java.version: &apos;1.8.0_162&apos;
Driver info: org.openqa.selenium.chrome.ChromeDriver
Capabilities {acceptSslCerts: true, applicationCacheEnabled: false, browserConnectionEnabled: false, browserName: chrome, chrome: {chromedriverVersion: 2.33.506120 (e3e53437346286..., userDataDir: C:\Users\ROY~1.ALC\AppData\...}, cssSelectorsEnabled: true, databaseEnabled: false, handlesAlerts: true, hasTouchScreen: false, javascriptEnabled: true, locationContextEnabled: true, mobileEmulationEnabled: false, nativeEvents: true, networkConnectionEnabled: false, pageLoadStrategy: normal, platform: XP, platformName: XP, rotatable: false, setWindowRect: true, takesHeapSnapshot: true, takesScreenshot: true, unexpectedAlertBehaviour: , unhandledPromptBehavior: , version: 64.0.3282.167, webStorageEnabled: true}
Session ID: d416aa5827fc2f0433e8342d2d531b82
	at org.openqa.selenium.remote.ErrorHandler.createThrowable(ErrorHandler.java:214)
	at org.openqa.selenium.remote.ErrorHandler.throwIfResponseFailed(ErrorHandler.java:166)
	at org.openqa.selenium.remote.http.JsonHttpResponseCodec.reconstructValue(JsonHttpResponseCodec.java:40)
	at org.openqa.selenium.remote.http.AbstractHttpResponseCodec.decode(AbstractHttpResponseCodec.java:80)
	at org.openqa.selenium.remote.http.AbstractHttpResponseCodec.decode(AbstractHttpResponseCodec.java:44)
	at org.openqa.selenium.remote.HttpCommandExecutor.execute(HttpCommandExecutor.java:158)
	at org.openqa.selenium.remote.service.DriverCommandExecutor.execute(DriverCommandExecutor.java:83)
	at org.openqa.selenium.remote.RemoteWebDriver.execute(RemoteWebDriver.java:545)
	at org.openqa.selenium.remote.RemoteWebDriver.get(RemoteWebDriver.java:273)
	at org.openqa.selenium.support.events.EventFiringWebDriver.lambda$new$1(EventFiringWebDriver.java:103)
	at com.sun.proxy.$Proxy10.get(Unknown Source)
	at org.openqa.selenium.support.events.EventFiringWebDriver.get(EventFiringWebDriver.java:161)
	at com.base.TestBase.initialization(TestBase.java:60)
	at com.paymentgateway.ui.dmz.testcases.DomainRegistrationPreAuthTest.setUp(DomainRegistrationPreAuthTest.java:47)
... Removed 39 stack frames
</div> <!-- stack-trace -->
                </div> <!-- method-content -->
              </div> <!-- method -->
            </div> <!-- main-panel-content rounded-window-bottom -->
          </div> <!-- suite-Payment_Gateway_Project_Test_Automation_QA_Production_Test_Suite-class-skipped -->
        </div> <!-- panel Payment_Gateway_Project_Test_Automation_QA_Production_Test_Suite -->
        <div panel-name="suite-Payment_Gateway_Project_Test_Automation_Dev_Test_Suite" class="panel Payment_Gateway_Project_Test_Automation_Dev_Test_Suite">
          <div class="suite-Payment_Gateway_Project_Test_Automation_Dev_Test_Suite-class-passed">
            <div class="main-panel-header rounded-window-top">
              <img src="passed.png"/>
              <span class="class-name">com.paymentgateway.ui.dmz.testcases.DomainRegistrationPreAuthTest</span>
            </div> <!-- main-panel-header rounded-window-top -->
            <div class="main-panel-content rounded-window-bottom">
              <div class="method">
                <div class="method-content">
                  <a name="verifyPreAuthForExistingCustomerMultipleDomains">
                  </a> <!-- verifyPreAuthForExistingCustomerMultipleDomains -->
                  <span class="method-name">verifyPreAuthForExistingCustomerMultipleDomains</span>
                </div> <!-- method-content -->
              </div> <!-- method -->
              <div class="method">
                <div class="method-content">
                  <a name="verifyPreAuthForExistingCustomerMultipleProducts">
                  </a> <!-- verifyPreAuthForExistingCustomerMultipleProducts -->
                  <span class="method-name">verifyPreAuthForExistingCustomerMultipleProducts</span>
                </div> <!-- method-content -->
              </div> <!-- method -->
              <div class="method">
                <div class="method-content">
                  <a name="verifyPreAuthForNewCustomerSingleDomain">
                  </a> <!-- verifyPreAuthForNewCustomerSingleDomain -->
                  <span class="method-name">verifyPreAuthForNewCustomerSingleDomain</span>
                </div> <!-- method-content -->
              </div> <!-- method -->
              <div class="method">
                <div class="method-content">
                  <a name="verifyPreAuthForNewCustomerSingleProduct">
                  </a> <!-- verifyPreAuthForNewCustomerSingleProduct -->
                  <span class="method-name">verifyPreAuthForNewCustomerSingleProduct</span>
                </div> <!-- method-content -->
              </div> <!-- method -->
            </div> <!-- main-panel-content rounded-window-bottom -->
          </div> <!-- suite-Payment_Gateway_Project_Test_Automation_Dev_Test_Suite-class-passed -->
        </div> <!-- panel Payment_Gateway_Project_Test_Automation_Dev_Test_Suite -->
        <div panel-name="suite-Payment_Gateway_Project_Test_Automation_QA_UAT_Test_Suite" class="panel Payment_Gateway_Project_Test_Automation_QA_UAT_Test_Suite">
          <div class="suite-Payment_Gateway_Project_Test_Automation_QA_UAT_Test_Suite-class-skipped">
            <div class="main-panel-header rounded-window-top">
              <img src="skipped.png"/>
              <span class="class-name">com.paymentgateway.ui.dmz.testcases.DomainRegistrationPreAuthTest</span>
            </div> <!-- main-panel-header rounded-window-top -->
            <div class="main-panel-content rounded-window-bottom">
              <div class="method">
                <div class="method-content">
                  <a name="verifyPreAuthForExistingCustomerMultipleDomains">
                  </a> <!-- verifyPreAuthForExistingCustomerMultipleDomains -->
                  <span class="method-name">verifyPreAuthForExistingCustomerMultipleDomains</span>
                  <div class="stack-trace">org.openqa.selenium.WebDriverException: unknown error: unhandled inspector error: {&quot;code&quot;:-32000,&quot;message&quot;:&quot;Cannot navigate to invalid URL&quot;}
  (Session info: chrome=64.0.3282.167)
  (Driver info: chromedriver=2.33.506120 (e3e53437346286c0bc2d2dc9aa4915ba81d9023f),platform=Windows NT 10.0.14393 x86_64) (WARNING: The server did not provide any stacktrace information)
Command duration or timeout: 0 milliseconds
Build info: version: &apos;3.11.0&apos;, revision: &apos;e59cfb3&apos;, time: &apos;2018-03-11T20:26:55.152Z&apos;
System info: host: &apos;MIT01524&apos;, ip: &apos;192.168.192.79&apos;, os.name: &apos;Windows 10&apos;, os.arch: &apos;amd64&apos;, os.version: &apos;10.0&apos;, java.version: &apos;1.8.0_162&apos;
Driver info: org.openqa.selenium.chrome.ChromeDriver
Capabilities {acceptSslCerts: true, applicationCacheEnabled: false, browserConnectionEnabled: false, browserName: chrome, chrome: {chromedriverVersion: 2.33.506120 (e3e53437346286..., userDataDir: C:\Users\ROY~1.ALC\AppData\...}, cssSelectorsEnabled: true, databaseEnabled: false, handlesAlerts: true, hasTouchScreen: false, javascriptEnabled: true, locationContextEnabled: true, mobileEmulationEnabled: false, nativeEvents: true, networkConnectionEnabled: false, pageLoadStrategy: normal, platform: XP, platformName: XP, rotatable: false, setWindowRect: true, takesHeapSnapshot: true, takesScreenshot: true, unexpectedAlertBehaviour: , unhandledPromptBehavior: , version: 64.0.3282.167, webStorageEnabled: true}
Session ID: c9ebe4dad872d816169efc0819d8967e
	at org.openqa.selenium.remote.ErrorHandler.createThrowable(ErrorHandler.java:214)
	at org.openqa.selenium.remote.ErrorHandler.throwIfResponseFailed(ErrorHandler.java:166)
	at org.openqa.selenium.remote.http.JsonHttpResponseCodec.reconstructValue(JsonHttpResponseCodec.java:40)
	at org.openqa.selenium.remote.http.AbstractHttpResponseCodec.decode(AbstractHttpResponseCodec.java:80)
	at org.openqa.selenium.remote.http.AbstractHttpResponseCodec.decode(AbstractHttpResponseCodec.java:44)
	at org.openqa.selenium.remote.HttpCommandExecutor.execute(HttpCommandExecutor.java:158)
	at org.openqa.selenium.remote.service.DriverCommandExecutor.execute(DriverCommandExecutor.java:83)
	at org.openqa.selenium.remote.RemoteWebDriver.execute(RemoteWebDriver.java:545)
	at org.openqa.selenium.remote.RemoteWebDriver.get(RemoteWebDriver.java:273)
	at org.openqa.selenium.support.events.EventFiringWebDriver.lambda$new$1(EventFiringWebDriver.java:103)
	at com.sun.proxy.$Proxy10.get(Unknown Source)
	at org.openqa.selenium.support.events.EventFiringWebDriver.get(EventFiringWebDriver.java:161)
	at com.base.TestBase.initialization(TestBase.java:60)
	at com.paymentgateway.ui.dmz.testcases.DomainRegistrationPreAuthTest.setUp(DomainRegistrationPreAuthTest.java:47)
... Removed 39 stack frames
</div> <!-- stack-trace -->
                </div> <!-- method-content -->
              </div> <!-- method -->
              <div class="method">
                <div class="method-content">
                  <a name="verifyPreAuthForExistingCustomerMultipleProducts">
                  </a> <!-- verifyPreAuthForExistingCustomerMultipleProducts -->
                  <span class="method-name">verifyPreAuthForExistingCustomerMultipleProducts</span>
                  <div class="stack-trace">org.openqa.selenium.WebDriverException: unknown error: unhandled inspector error: {&quot;code&quot;:-32000,&quot;message&quot;:&quot;Cannot navigate to invalid URL&quot;}
  (Session info: chrome=64.0.3282.167)
  (Driver info: chromedriver=2.33.506120 (e3e53437346286c0bc2d2dc9aa4915ba81d9023f),platform=Windows NT 10.0.14393 x86_64) (WARNING: The server did not provide any stacktrace information)
Command duration or timeout: 0 milliseconds
Build info: version: &apos;3.11.0&apos;, revision: &apos;e59cfb3&apos;, time: &apos;2018-03-11T20:26:55.152Z&apos;
System info: host: &apos;MIT01524&apos;, ip: &apos;192.168.192.79&apos;, os.name: &apos;Windows 10&apos;, os.arch: &apos;amd64&apos;, os.version: &apos;10.0&apos;, java.version: &apos;1.8.0_162&apos;
Driver info: org.openqa.selenium.chrome.ChromeDriver
Capabilities {acceptSslCerts: true, applicationCacheEnabled: false, browserConnectionEnabled: false, browserName: chrome, chrome: {chromedriverVersion: 2.33.506120 (e3e53437346286..., userDataDir: C:\Users\ROY~1.ALC\AppData\...}, cssSelectorsEnabled: true, databaseEnabled: false, handlesAlerts: true, hasTouchScreen: false, javascriptEnabled: true, locationContextEnabled: true, mobileEmulationEnabled: false, nativeEvents: true, networkConnectionEnabled: false, pageLoadStrategy: normal, platform: XP, platformName: XP, rotatable: false, setWindowRect: true, takesHeapSnapshot: true, takesScreenshot: true, unexpectedAlertBehaviour: , unhandledPromptBehavior: , version: 64.0.3282.167, webStorageEnabled: true}
Session ID: c9ebe4dad872d816169efc0819d8967e
	at org.openqa.selenium.remote.ErrorHandler.createThrowable(ErrorHandler.java:214)
	at org.openqa.selenium.remote.ErrorHandler.throwIfResponseFailed(ErrorHandler.java:166)
	at org.openqa.selenium.remote.http.JsonHttpResponseCodec.reconstructValue(JsonHttpResponseCodec.java:40)
	at org.openqa.selenium.remote.http.AbstractHttpResponseCodec.decode(AbstractHttpResponseCodec.java:80)
	at org.openqa.selenium.remote.http.AbstractHttpResponseCodec.decode(AbstractHttpResponseCodec.java:44)
	at org.openqa.selenium.remote.HttpCommandExecutor.execute(HttpCommandExecutor.java:158)
	at org.openqa.selenium.remote.service.DriverCommandExecutor.execute(DriverCommandExecutor.java:83)
	at org.openqa.selenium.remote.RemoteWebDriver.execute(RemoteWebDriver.java:545)
	at org.openqa.selenium.remote.RemoteWebDriver.get(RemoteWebDriver.java:273)
	at org.openqa.selenium.support.events.EventFiringWebDriver.lambda$new$1(EventFiringWebDriver.java:103)
	at com.sun.proxy.$Proxy10.get(Unknown Source)
	at org.openqa.selenium.support.events.EventFiringWebDriver.get(EventFiringWebDriver.java:161)
	at com.base.TestBase.initialization(TestBase.java:60)
	at com.paymentgateway.ui.dmz.testcases.DomainRegistrationPreAuthTest.setUp(DomainRegistrationPreAuthTest.java:47)
... Removed 39 stack frames
</div> <!-- stack-trace -->
                </div> <!-- method-content -->
              </div> <!-- method -->
              <div class="method">
                <div class="method-content">
                  <a name="verifyPreAuthForNewCustomerSingleDomain">
                  </a> <!-- verifyPreAuthForNewCustomerSingleDomain -->
                  <span class="method-name">verifyPreAuthForNewCustomerSingleDomain</span>
                  <div class="stack-trace">org.openqa.selenium.WebDriverException: unknown error: unhandled inspector error: {&quot;code&quot;:-32000,&quot;message&quot;:&quot;Cannot navigate to invalid URL&quot;}
  (Session info: chrome=64.0.3282.167)
  (Driver info: chromedriver=2.33.506120 (e3e53437346286c0bc2d2dc9aa4915ba81d9023f),platform=Windows NT 10.0.14393 x86_64) (WARNING: The server did not provide any stacktrace information)
Command duration or timeout: 0 milliseconds
Build info: version: &apos;3.11.0&apos;, revision: &apos;e59cfb3&apos;, time: &apos;2018-03-11T20:26:55.152Z&apos;
System info: host: &apos;MIT01524&apos;, ip: &apos;192.168.192.79&apos;, os.name: &apos;Windows 10&apos;, os.arch: &apos;amd64&apos;, os.version: &apos;10.0&apos;, java.version: &apos;1.8.0_162&apos;
Driver info: org.openqa.selenium.chrome.ChromeDriver
Capabilities {acceptSslCerts: true, applicationCacheEnabled: false, browserConnectionEnabled: false, browserName: chrome, chrome: {chromedriverVersion: 2.33.506120 (e3e53437346286..., userDataDir: C:\Users\ROY~1.ALC\AppData\...}, cssSelectorsEnabled: true, databaseEnabled: false, handlesAlerts: true, hasTouchScreen: false, javascriptEnabled: true, locationContextEnabled: true, mobileEmulationEnabled: false, nativeEvents: true, networkConnectionEnabled: false, pageLoadStrategy: normal, platform: XP, platformName: XP, rotatable: false, setWindowRect: true, takesHeapSnapshot: true, takesScreenshot: true, unexpectedAlertBehaviour: , unhandledPromptBehavior: , version: 64.0.3282.167, webStorageEnabled: true}
Session ID: c9ebe4dad872d816169efc0819d8967e
	at org.openqa.selenium.remote.ErrorHandler.createThrowable(ErrorHandler.java:214)
	at org.openqa.selenium.remote.ErrorHandler.throwIfResponseFailed(ErrorHandler.java:166)
	at org.openqa.selenium.remote.http.JsonHttpResponseCodec.reconstructValue(JsonHttpResponseCodec.java:40)
	at org.openqa.selenium.remote.http.AbstractHttpResponseCodec.decode(AbstractHttpResponseCodec.java:80)
	at org.openqa.selenium.remote.http.AbstractHttpResponseCodec.decode(AbstractHttpResponseCodec.java:44)
	at org.openqa.selenium.remote.HttpCommandExecutor.execute(HttpCommandExecutor.java:158)
	at org.openqa.selenium.remote.service.DriverCommandExecutor.execute(DriverCommandExecutor.java:83)
	at org.openqa.selenium.remote.RemoteWebDriver.execute(RemoteWebDriver.java:545)
	at org.openqa.selenium.remote.RemoteWebDriver.get(RemoteWebDriver.java:273)
	at org.openqa.selenium.support.events.EventFiringWebDriver.lambda$new$1(EventFiringWebDriver.java:103)
	at com.sun.proxy.$Proxy10.get(Unknown Source)
	at org.openqa.selenium.support.events.EventFiringWebDriver.get(EventFiringWebDriver.java:161)
	at com.base.TestBase.initialization(TestBase.java:60)
	at com.paymentgateway.ui.dmz.testcases.DomainRegistrationPreAuthTest.setUp(DomainRegistrationPreAuthTest.java:47)
... Removed 39 stack frames
</div> <!-- stack-trace -->
                </div> <!-- method-content -->
              </div> <!-- method -->
              <div class="method">
                <div class="method-content">
                  <a name="verifyPreAuthForNewCustomerSingleProduct">
                  </a> <!-- verifyPreAuthForNewCustomerSingleProduct -->
                  <span class="method-name">verifyPreAuthForNewCustomerSingleProduct</span>
                  <div class="stack-trace">org.openqa.selenium.WebDriverException: unknown error: unhandled inspector error: {&quot;code&quot;:-32000,&quot;message&quot;:&quot;Cannot navigate to invalid URL&quot;}
  (Session info: chrome=64.0.3282.167)
  (Driver info: chromedriver=2.33.506120 (e3e53437346286c0bc2d2dc9aa4915ba81d9023f),platform=Windows NT 10.0.14393 x86_64) (WARNING: The server did not provide any stacktrace information)
Command duration or timeout: 0 milliseconds
Build info: version: &apos;3.11.0&apos;, revision: &apos;e59cfb3&apos;, time: &apos;2018-03-11T20:26:55.152Z&apos;
System info: host: &apos;MIT01524&apos;, ip: &apos;192.168.192.79&apos;, os.name: &apos;Windows 10&apos;, os.arch: &apos;amd64&apos;, os.version: &apos;10.0&apos;, java.version: &apos;1.8.0_162&apos;
Driver info: org.openqa.selenium.chrome.ChromeDriver
Capabilities {acceptSslCerts: true, applicationCacheEnabled: false, browserConnectionEnabled: false, browserName: chrome, chrome: {chromedriverVersion: 2.33.506120 (e3e53437346286..., userDataDir: C:\Users\ROY~1.ALC\AppData\...}, cssSelectorsEnabled: true, databaseEnabled: false, handlesAlerts: true, hasTouchScreen: false, javascriptEnabled: true, locationContextEnabled: true, mobileEmulationEnabled: false, nativeEvents: true, networkConnectionEnabled: false, pageLoadStrategy: normal, platform: XP, platformName: XP, rotatable: false, setWindowRect: true, takesHeapSnapshot: true, takesScreenshot: true, unexpectedAlertBehaviour: , unhandledPromptBehavior: , version: 64.0.3282.167, webStorageEnabled: true}
Session ID: c9ebe4dad872d816169efc0819d8967e
	at org.openqa.selenium.remote.ErrorHandler.createThrowable(ErrorHandler.java:214)
	at org.openqa.selenium.remote.ErrorHandler.throwIfResponseFailed(ErrorHandler.java:166)
	at org.openqa.selenium.remote.http.JsonHttpResponseCodec.reconstructValue(JsonHttpResponseCodec.java:40)
	at org.openqa.selenium.remote.http.AbstractHttpResponseCodec.decode(AbstractHttpResponseCodec.java:80)
	at org.openqa.selenium.remote.http.AbstractHttpResponseCodec.decode(AbstractHttpResponseCodec.java:44)
	at org.openqa.selenium.remote.HttpCommandExecutor.execute(HttpCommandExecutor.java:158)
	at org.openqa.selenium.remote.service.DriverCommandExecutor.execute(DriverCommandExecutor.java:83)
	at org.openqa.selenium.remote.RemoteWebDriver.execute(RemoteWebDriver.java:545)
	at org.openqa.selenium.remote.RemoteWebDriver.get(RemoteWebDriver.java:273)
	at org.openqa.selenium.support.events.EventFiringWebDriver.lambda$new$1(EventFiringWebDriver.java:103)
	at com.sun.proxy.$Proxy10.get(Unknown Source)
	at org.openqa.selenium.support.events.EventFiringWebDriver.get(EventFiringWebDriver.java:161)
	at com.base.TestBase.initialization(TestBase.java:60)
	at com.paymentgateway.ui.dmz.testcases.DomainRegistrationPreAuthTest.setUp(DomainRegistrationPreAuthTest.java:47)
... Removed 39 stack frames
</div> <!-- stack-trace -->
                </div> <!-- method-content -->
              </div> <!-- method -->
            </div> <!-- main-panel-content rounded-window-bottom -->
          </div> <!-- suite-Payment_Gateway_Project_Test_Automation_QA_UAT_Test_Suite-class-skipped -->
        </div> <!-- panel Payment_Gateway_Project_Test_Automation_QA_UAT_Test_Suite -->
        <div panel-name="test-xml-Payment_Gateway_Project_Test_Automation_QA_Staging_Test_Suite" class="panel">
          <div class="main-panel-header rounded-window-top">
            <span class="header-content">C:\Users\roy.alcantara\Desktop\QA\TestAutomationProject\src\main\resources\testng_PGQAStaging.xml</span>
          </div> <!-- main-panel-header rounded-window-top -->
          <div class="main-panel-content rounded-window-bottom">
            <pre>
&lt;?xml version=&quot;1.0&quot; encoding=&quot;UTF-8&quot;?&gt;
&lt;!DOCTYPE suite SYSTEM &quot;http://testng.org/testng-1.0.dtd&quot;&gt;
&lt;suite guice-stage=&quot;DEVELOPMENT&quot; verbose=&quot;0&quot; name=&quot;Payment Gateway Project Test Automation QA Staging Test Suite&quot;&gt;
  &lt;parameter name=&quot;environment&quot; value=&quot;staging&quot;/&gt;
  &lt;listeners&gt;
    &lt;listener class-name=&quot;com.reports.extentreportslistener.ExtentReportListener&quot;/&gt;
  &lt;/listeners&gt;
  &lt;test thread-count=&quot;5&quot; verbose=&quot;0&quot; name=&quot;Payment Gateway Test Cases&quot;&gt;
    &lt;classes&gt;
      &lt;class name=&quot;com.paymentgateway.ui.dmz.testcases.DomainRegistrationPreAuthTest&quot;/&gt;
    &lt;/classes&gt;
  &lt;/test&gt; &lt;!-- Payment Gateway Test Cases --&gt;
&lt;/suite&gt; &lt;!-- Payment Gateway Project Test Automation QA Staging Test Suite --&gt;
            </pre>
          </div> <!-- main-panel-content rounded-window-bottom -->
        </div> <!-- panel -->
        <div panel-name="test-xml-Payment_Gateway_Project_Test_Automation_QA_Production_Test_Suite" class="panel">
          <div class="main-panel-header rounded-window-top">
            <span class="header-content">C:\Users\roy.alcantara\Desktop\QA\TestAutomationProject\src\main\resources\testng_PGQAProduction.xml</span>
          </div> <!-- main-panel-header rounded-window-top -->
          <div class="main-panel-content rounded-window-bottom">
            <pre>
&lt;?xml version=&quot;1.0&quot; encoding=&quot;UTF-8&quot;?&gt;
&lt;!DOCTYPE suite SYSTEM &quot;http://testng.org/testng-1.0.dtd&quot;&gt;
&lt;suite guice-stage=&quot;DEVELOPMENT&quot; verbose=&quot;0&quot; name=&quot;Payment Gateway Project Test Automation QA Production Test Suite&quot;&gt;
  &lt;parameter name=&quot;environment&quot; value=&quot;prod&quot;/&gt;
  &lt;listeners&gt;
    &lt;listener class-name=&quot;com.reports.extentreportslistener.ExtentReportListener&quot;/&gt;
  &lt;/listeners&gt;
  &lt;test thread-count=&quot;5&quot; verbose=&quot;0&quot; name=&quot;Payment Gateway Test Cases&quot;&gt;
    &lt;classes&gt;
      &lt;class name=&quot;com.paymentgateway.ui.dmz.testcases.DomainRegistrationPreAuthTest&quot;/&gt;
    &lt;/classes&gt;
  &lt;/test&gt; &lt;!-- Payment Gateway Test Cases --&gt;
&lt;/suite&gt; &lt;!-- Payment Gateway Project Test Automation QA Production Test Suite --&gt;
            </pre>
          </div> <!-- main-panel-content rounded-window-bottom -->
        </div> <!-- panel -->
        <div panel-name="test-xml-Payment_Gateway_Project_Test_Automation_Dev_Test_Suite" class="panel">
          <div class="main-panel-header rounded-window-top">
            <span class="header-content">C:\Users\roy.alcantara\Desktop\QA\TestAutomationProject\src\main\resources\testng_PGDEV.xml</span>
          </div> <!-- main-panel-header rounded-window-top -->
          <div class="main-panel-content rounded-window-bottom">
            <pre>
&lt;?xml version=&quot;1.0&quot; encoding=&quot;UTF-8&quot;?&gt;
&lt;!DOCTYPE suite SYSTEM &quot;http://testng.org/testng-1.0.dtd&quot;&gt;
&lt;suite guice-stage=&quot;DEVELOPMENT&quot; verbose=&quot;0&quot; name=&quot;Payment Gateway Project Test Automation Dev Test Suite&quot;&gt;
  &lt;parameter name=&quot;environment&quot; value=&quot;dev&quot;/&gt;
  &lt;listeners&gt;
    &lt;listener class-name=&quot;com.reports.extentreportslistener.ExtentReportListener&quot;/&gt;
  &lt;/listeners&gt;
  &lt;test thread-count=&quot;5&quot; verbose=&quot;0&quot; name=&quot;Payment Gateway Test Cases&quot;&gt;
    &lt;classes&gt;
      &lt;class name=&quot;com.paymentgateway.ui.dmz.testcases.DomainRegistrationPreAuthTest&quot;/&gt;
    &lt;/classes&gt;
  &lt;/test&gt; &lt;!-- Payment Gateway Test Cases --&gt;
&lt;/suite&gt; &lt;!-- Payment Gateway Project Test Automation Dev Test Suite --&gt;
            </pre>
          </div> <!-- main-panel-content rounded-window-bottom -->
        </div> <!-- panel -->
        <div panel-name="test-xml-Payment_Gateway_Project_Test_Automation_QA_UAT_Test_Suite" class="panel">
          <div class="main-panel-header rounded-window-top">
            <span class="header-content">C:\Users\roy.alcantara\Desktop\QA\TestAutomationProject\src\main\resources\testng_PGQAUat.xml</span>
          </div> <!-- main-panel-header rounded-window-top -->
          <div class="main-panel-content rounded-window-bottom">
            <pre>
&lt;?xml version=&quot;1.0&quot; encoding=&quot;UTF-8&quot;?&gt;
&lt;!DOCTYPE suite SYSTEM &quot;http://testng.org/testng-1.0.dtd&quot;&gt;
&lt;suite guice-stage=&quot;DEVELOPMENT&quot; verbose=&quot;0&quot; name=&quot;Payment Gateway Project Test Automation QA UAT Test Suite&quot;&gt;
  &lt;parameter name=&quot;environment&quot; value=&quot;uat&quot;/&gt;
  &lt;listeners&gt;
    &lt;listener class-name=&quot;com.reports.extentreportslistener.ExtentReportListener&quot;/&gt;
  &lt;/listeners&gt;
  &lt;test thread-count=&quot;5&quot; verbose=&quot;0&quot; name=&quot;Payment Gateway Test Cases&quot;&gt;
    &lt;classes&gt;
      &lt;class name=&quot;com.paymentgateway.ui.dmz.testcases.DomainRegistrationPreAuthTest&quot;/&gt;
    &lt;/classes&gt;
  &lt;/test&gt; &lt;!-- Payment Gateway Test Cases --&gt;
&lt;/suite&gt; &lt;!-- Payment Gateway Project Test Automation QA UAT Test Suite --&gt;
            </pre>
          </div> <!-- main-panel-content rounded-window-bottom -->
        </div> <!-- panel -->
        <div panel-name="testlist-Payment_Gateway_Project_Test_Automation_QA_Staging_Test_Suite" class="panel">
          <div class="main-panel-header rounded-window-top">
            <span class="header-content">Tests for Payment Gateway Project Test Automation QA Staging Test Suite</span>
          </div> <!-- main-panel-header rounded-window-top -->
          <div class="main-panel-content rounded-window-bottom">
            <ul>
              <li>
                <span class="test-name">Payment Gateway Test Cases (1 class)</span>
              </li>
            </ul>
          </div> <!-- main-panel-content rounded-window-bottom -->
        </div> <!-- panel -->
        <div panel-name="testlist-Payment_Gateway_Project_Test_Automation_QA_Production_Test_Suite" class="panel">
          <div class="main-panel-header rounded-window-top">
            <span class="header-content">Tests for Payment Gateway Project Test Automation QA Production Test Suite</span>
          </div> <!-- main-panel-header rounded-window-top -->
          <div class="main-panel-content rounded-window-bottom">
            <ul>
              <li>
                <span class="test-name">Payment Gateway Test Cases (1 class)</span>
              </li>
            </ul>
          </div> <!-- main-panel-content rounded-window-bottom -->
        </div> <!-- panel -->
        <div panel-name="testlist-Payment_Gateway_Project_Test_Automation_Dev_Test_Suite" class="panel">
          <div class="main-panel-header rounded-window-top">
            <span class="header-content">Tests for Payment Gateway Project Test Automation Dev Test Suite</span>
          </div> <!-- main-panel-header rounded-window-top -->
          <div class="main-panel-content rounded-window-bottom">
            <ul>
              <li>
                <span class="test-name">Payment Gateway Test Cases (1 class)</span>
              </li>
            </ul>
          </div> <!-- main-panel-content rounded-window-bottom -->
        </div> <!-- panel -->
        <div panel-name="testlist-Payment_Gateway_Project_Test_Automation_QA_UAT_Test_Suite" class="panel">
          <div class="main-panel-header rounded-window-top">
            <span class="header-content">Tests for Payment Gateway Project Test Automation QA UAT Test Suite</span>
          </div> <!-- main-panel-header rounded-window-top -->
          <div class="main-panel-content rounded-window-bottom">
            <ul>
              <li>
                <span class="test-name">Payment Gateway Test Cases (1 class)</span>
              </li>
            </ul>
          </div> <!-- main-panel-content rounded-window-bottom -->
        </div> <!-- panel -->
        <div panel-name="group-Payment_Gateway_Project_Test_Automation_QA_Staging_Test_Suite" class="panel">
          <div class="main-panel-header rounded-window-top">
            <span class="header-content">Groups for Payment Gateway Project Test Automation QA Staging Test Suite</span>
          </div> <!-- main-panel-header rounded-window-top -->
          <div class="main-panel-content rounded-window-bottom">
          </div> <!-- main-panel-content rounded-window-bottom -->
        </div> <!-- panel -->
        <div panel-name="group-Payment_Gateway_Project_Test_Automation_QA_Production_Test_Suite" class="panel">
          <div class="main-panel-header rounded-window-top">
            <span class="header-content">Groups for Payment Gateway Project Test Automation QA Production Test Suite</span>
          </div> <!-- main-panel-header rounded-window-top -->
          <div class="main-panel-content rounded-window-bottom">
          </div> <!-- main-panel-content rounded-window-bottom -->
        </div> <!-- panel -->
        <div panel-name="group-Payment_Gateway_Project_Test_Automation_Dev_Test_Suite" class="panel">
          <div class="main-panel-header rounded-window-top">
            <span class="header-content">Groups for Payment Gateway Project Test Automation Dev Test Suite</span>
          </div> <!-- main-panel-header rounded-window-top -->
          <div class="main-panel-content rounded-window-bottom">
          </div> <!-- main-panel-content rounded-window-bottom -->
        </div> <!-- panel -->
        <div panel-name="group-Payment_Gateway_Project_Test_Automation_QA_UAT_Test_Suite" class="panel">
          <div class="main-panel-header rounded-window-top">
            <span class="header-content">Groups for Payment Gateway Project Test Automation QA UAT Test Suite</span>
          </div> <!-- main-panel-header rounded-window-top -->
          <div class="main-panel-content rounded-window-bottom">
          </div> <!-- main-panel-content rounded-window-bottom -->
        </div> <!-- panel -->
        <div panel-name="times-Payment_Gateway_Project_Test_Automation_QA_Staging_Test_Suite" class="panel">
          <div class="main-panel-header rounded-window-top">
            <span class="header-content">Times for Payment Gateway Project Test Automation QA Staging Test Suite</span>
          </div> <!-- main-panel-header rounded-window-top -->
          <div class="main-panel-content rounded-window-bottom">
            <div class="times-div">
              <script type="text/javascript">
suiteTableInitFunctions.push('tableData_Payment_Gateway_Project_Test_Automation_QA_Staging_Test_Suite');
function tableData_Payment_Gateway_Project_Test_Automation_QA_Staging_Test_Suite() {
var data = new google.visualization.DataTable();
data.addColumn('number', 'Number');
data.addColumn('string', 'Method');
data.addColumn('string', 'Class');
data.addColumn('number', 'Time (ms)');
data.addRows(4);
data.setCell(0, 0, 0)
data.setCell(0, 1, 'verifyPreAuthForExistingCustomerMultipleProducts')
data.setCell(0, 2, 'com.paymentgateway.ui.dmz.testcases.DomainRegistrationPreAuthTest')
data.setCell(0, 3, 15136);
data.setCell(1, 0, 1)
data.setCell(1, 1, 'verifyPreAuthForExistingCustomerMultipleDomains')
data.setCell(1, 2, 'com.paymentgateway.ui.dmz.testcases.DomainRegistrationPreAuthTest')
data.setCell(1, 3, 12780);
data.setCell(2, 0, 2)
data.setCell(2, 1, 'verifyPreAuthForNewCustomerSingleDomain')
data.setCell(2, 2, 'com.paymentgateway.ui.dmz.testcases.DomainRegistrationPreAuthTest')
data.setCell(2, 3, 11052);
data.setCell(3, 0, 3)
data.setCell(3, 1, 'verifyPreAuthForNewCustomerSingleProduct')
data.setCell(3, 2, 'com.paymentgateway.ui.dmz.testcases.DomainRegistrationPreAuthTest')
data.setCell(3, 3, 10668);
window.suiteTableData['Payment_Gateway_Project_Test_Automation_QA_Staging_Test_Suite']= { tableData: data, tableDiv: 'times-div-Payment_Gateway_Project_Test_Automation_QA_Staging_Test_Suite'}
return data;
}
              </script>
              <span class="suite-total-time">Total running time: 49 seconds</span>
              <div id="times-div-Payment_Gateway_Project_Test_Automation_QA_Staging_Test_Suite">
              </div> <!-- times-div-Payment_Gateway_Project_Test_Automation_QA_Staging_Test_Suite -->
            </div> <!-- times-div -->
          </div> <!-- main-panel-content rounded-window-bottom -->
        </div> <!-- panel -->
        <div panel-name="times-Payment_Gateway_Project_Test_Automation_QA_Production_Test_Suite" class="panel">
          <div class="main-panel-header rounded-window-top">
            <span class="header-content">Times for Payment Gateway Project Test Automation QA Production Test Suite</span>
          </div> <!-- main-panel-header rounded-window-top -->
          <div class="main-panel-content rounded-window-bottom">
            <div class="times-div">
              <script type="text/javascript">
suiteTableInitFunctions.push('tableData_Payment_Gateway_Project_Test_Automation_QA_Production_Test_Suite');
function tableData_Payment_Gateway_Project_Test_Automation_QA_Production_Test_Suite() {
var data = new google.visualization.DataTable();
data.addColumn('number', 'Number');
data.addColumn('string', 'Method');
data.addColumn('string', 'Class');
data.addColumn('number', 'Time (ms)');
data.addRows(4);
data.setCell(0, 0, 0)
data.setCell(0, 1, 'verifyPreAuthForExistingCustomerMultipleDomains')
data.setCell(0, 2, 'com.paymentgateway.ui.dmz.testcases.DomainRegistrationPreAuthTest')
data.setCell(0, 3, 0);
data.setCell(1, 0, 1)
data.setCell(1, 1, 'verifyPreAuthForNewCustomerSingleProduct')
data.setCell(1, 2, 'com.paymentgateway.ui.dmz.testcases.DomainRegistrationPreAuthTest')
data.setCell(1, 3, 0);
data.setCell(2, 0, 2)
data.setCell(2, 1, 'verifyPreAuthForExistingCustomerMultipleProducts')
data.setCell(2, 2, 'com.paymentgateway.ui.dmz.testcases.DomainRegistrationPreAuthTest')
data.setCell(2, 3, 0);
data.setCell(3, 0, 3)
data.setCell(3, 1, 'verifyPreAuthForNewCustomerSingleDomain')
data.setCell(3, 2, 'com.paymentgateway.ui.dmz.testcases.DomainRegistrationPreAuthTest')
data.setCell(3, 3, 0);
window.suiteTableData['Payment_Gateway_Project_Test_Automation_QA_Production_Test_Suite']= { tableData: data, tableDiv: 'times-div-Payment_Gateway_Project_Test_Automation_QA_Production_Test_Suite'}
return data;
}
              </script>
              <span class="suite-total-time">Total running time: 0 ms</span>
              <div id="times-div-Payment_Gateway_Project_Test_Automation_QA_Production_Test_Suite">
              </div> <!-- times-div-Payment_Gateway_Project_Test_Automation_QA_Production_Test_Suite -->
            </div> <!-- times-div -->
          </div> <!-- main-panel-content rounded-window-bottom -->
        </div> <!-- panel -->
        <div panel-name="times-Payment_Gateway_Project_Test_Automation_Dev_Test_Suite" class="panel">
          <div class="main-panel-header rounded-window-top">
            <span class="header-content">Times for Payment Gateway Project Test Automation Dev Test Suite</span>
          </div> <!-- main-panel-header rounded-window-top -->
          <div class="main-panel-content rounded-window-bottom">
            <div class="times-div">
              <script type="text/javascript">
suiteTableInitFunctions.push('tableData_Payment_Gateway_Project_Test_Automation_Dev_Test_Suite');
function tableData_Payment_Gateway_Project_Test_Automation_Dev_Test_Suite() {
var data = new google.visualization.DataTable();
data.addColumn('number', 'Number');
data.addColumn('string', 'Method');
data.addColumn('string', 'Class');
data.addColumn('number', 'Time (ms)');
data.addRows(4);
data.setCell(0, 0, 0)
data.setCell(0, 1, 'verifyPreAuthForExistingCustomerMultipleProducts')
data.setCell(0, 2, 'com.paymentgateway.ui.dmz.testcases.DomainRegistrationPreAuthTest')
data.setCell(0, 3, 15544);
data.setCell(1, 0, 1)
data.setCell(1, 1, 'verifyPreAuthForExistingCustomerMultipleDomains')
data.setCell(1, 2, 'com.paymentgateway.ui.dmz.testcases.DomainRegistrationPreAuthTest')
data.setCell(1, 3, 14092);
data.setCell(2, 0, 2)
data.setCell(2, 1, 'verifyPreAuthForNewCustomerSingleProduct')
data.setCell(2, 2, 'com.paymentgateway.ui.dmz.testcases.DomainRegistrationPreAuthTest')
data.setCell(2, 3, 11689);
data.setCell(3, 0, 3)
data.setCell(3, 1, 'verifyPreAuthForNewCustomerSingleDomain')
data.setCell(3, 2, 'com.paymentgateway.ui.dmz.testcases.DomainRegistrationPreAuthTest')
data.setCell(3, 3, 10200);
window.suiteTableData['Payment_Gateway_Project_Test_Automation_Dev_Test_Suite']= { tableData: data, tableDiv: 'times-div-Payment_Gateway_Project_Test_Automation_Dev_Test_Suite'}
return data;
}
              </script>
              <span class="suite-total-time">Total running time: 51 seconds</span>
              <div id="times-div-Payment_Gateway_Project_Test_Automation_Dev_Test_Suite">
              </div> <!-- times-div-Payment_Gateway_Project_Test_Automation_Dev_Test_Suite -->
            </div> <!-- times-div -->
          </div> <!-- main-panel-content rounded-window-bottom -->
        </div> <!-- panel -->
        <div panel-name="times-Payment_Gateway_Project_Test_Automation_QA_UAT_Test_Suite" class="panel">
          <div class="main-panel-header rounded-window-top">
            <span class="header-content">Times for Payment Gateway Project Test Automation QA UAT Test Suite</span>
          </div> <!-- main-panel-header rounded-window-top -->
          <div class="main-panel-content rounded-window-bottom">
            <div class="times-div">
              <script type="text/javascript">
suiteTableInitFunctions.push('tableData_Payment_Gateway_Project_Test_Automation_QA_UAT_Test_Suite');
function tableData_Payment_Gateway_Project_Test_Automation_QA_UAT_Test_Suite() {
var data = new google.visualization.DataTable();
data.addColumn('number', 'Number');
data.addColumn('string', 'Method');
data.addColumn('string', 'Class');
data.addColumn('number', 'Time (ms)');
data.addRows(4);
data.setCell(0, 0, 0)
data.setCell(0, 1, 'verifyPreAuthForNewCustomerSingleProduct')
data.setCell(0, 2, 'com.paymentgateway.ui.dmz.testcases.DomainRegistrationPreAuthTest')
data.setCell(0, 3, 0);
data.setCell(1, 0, 1)
data.setCell(1, 1, 'verifyPreAuthForExistingCustomerMultipleProducts')
data.setCell(1, 2, 'com.paymentgateway.ui.dmz.testcases.DomainRegistrationPreAuthTest')
data.setCell(1, 3, 0);
data.setCell(2, 0, 2)
data.setCell(2, 1, 'verifyPreAuthForExistingCustomerMultipleDomains')
data.setCell(2, 2, 'com.paymentgateway.ui.dmz.testcases.DomainRegistrationPreAuthTest')
data.setCell(2, 3, 0);
data.setCell(3, 0, 3)
data.setCell(3, 1, 'verifyPreAuthForNewCustomerSingleDomain')
data.setCell(3, 2, 'com.paymentgateway.ui.dmz.testcases.DomainRegistrationPreAuthTest')
data.setCell(3, 3, 0);
window.suiteTableData['Payment_Gateway_Project_Test_Automation_QA_UAT_Test_Suite']= { tableData: data, tableDiv: 'times-div-Payment_Gateway_Project_Test_Automation_QA_UAT_Test_Suite'}
return data;
}
              </script>
              <span class="suite-total-time">Total running time: 0 ms</span>
              <div id="times-div-Payment_Gateway_Project_Test_Automation_QA_UAT_Test_Suite">
              </div> <!-- times-div-Payment_Gateway_Project_Test_Automation_QA_UAT_Test_Suite -->
            </div> <!-- times-div -->
          </div> <!-- main-panel-content rounded-window-bottom -->
        </div> <!-- panel -->
        <div panel-name="reporter-Payment_Gateway_Project_Test_Automation_QA_Staging_Test_Suite" class="panel">
          <div class="main-panel-header rounded-window-top">
            <span class="header-content">Reporter output for Payment Gateway Project Test Automation QA Staging Test Suite</span>
          </div> <!-- main-panel-header rounded-window-top -->
          <div class="main-panel-content rounded-window-bottom">
          </div> <!-- main-panel-content rounded-window-bottom -->
        </div> <!-- panel -->
        <div panel-name="reporter-Payment_Gateway_Project_Test_Automation_QA_Production_Test_Suite" class="panel">
          <div class="main-panel-header rounded-window-top">
            <span class="header-content">Reporter output for Payment Gateway Project Test Automation QA Production Test Suite</span>
          </div> <!-- main-panel-header rounded-window-top -->
          <div class="main-panel-content rounded-window-bottom">
          </div> <!-- main-panel-content rounded-window-bottom -->
        </div> <!-- panel -->
        <div panel-name="reporter-Payment_Gateway_Project_Test_Automation_Dev_Test_Suite" class="panel">
          <div class="main-panel-header rounded-window-top">
            <span class="header-content">Reporter output for Payment Gateway Project Test Automation Dev Test Suite</span>
          </div> <!-- main-panel-header rounded-window-top -->
          <div class="main-panel-content rounded-window-bottom">
          </div> <!-- main-panel-content rounded-window-bottom -->
        </div> <!-- panel -->
        <div panel-name="reporter-Payment_Gateway_Project_Test_Automation_QA_UAT_Test_Suite" class="panel">
          <div class="main-panel-header rounded-window-top">
            <span class="header-content">Reporter output for Payment Gateway Project Test Automation QA UAT Test Suite</span>
          </div> <!-- main-panel-header rounded-window-top -->
          <div class="main-panel-content rounded-window-bottom">
          </div> <!-- main-panel-content rounded-window-bottom -->
        </div> <!-- panel -->
        <div panel-name="ignored-methods-Payment_Gateway_Project_Test_Automation_QA_Staging_Test_Suite" class="panel">
          <div class="main-panel-header rounded-window-top">
            <span class="header-content">0 ignored methods</span>
          </div> <!-- main-panel-header rounded-window-top -->
          <div class="main-panel-content rounded-window-bottom">
          </div> <!-- main-panel-content rounded-window-bottom -->
        </div> <!-- panel -->
        <div panel-name="ignored-methods-Payment_Gateway_Project_Test_Automation_QA_Production_Test_Suite" class="panel">
          <div class="main-panel-header rounded-window-top">
            <span class="header-content">0 ignored methods</span>
          </div> <!-- main-panel-header rounded-window-top -->
          <div class="main-panel-content rounded-window-bottom">
          </div> <!-- main-panel-content rounded-window-bottom -->
        </div> <!-- panel -->
        <div panel-name="ignored-methods-Payment_Gateway_Project_Test_Automation_Dev_Test_Suite" class="panel">
          <div class="main-panel-header rounded-window-top">
            <span class="header-content">0 ignored methods</span>
          </div> <!-- main-panel-header rounded-window-top -->
          <div class="main-panel-content rounded-window-bottom">
          </div> <!-- main-panel-content rounded-window-bottom -->
        </div> <!-- panel -->
        <div panel-name="ignored-methods-Payment_Gateway_Project_Test_Automation_QA_UAT_Test_Suite" class="panel">
          <div class="main-panel-header rounded-window-top">
            <span class="header-content">0 ignored methods</span>
          </div> <!-- main-panel-header rounded-window-top -->
          <div class="main-panel-content rounded-window-bottom">
          </div> <!-- main-panel-content rounded-window-bottom -->
        </div> <!-- panel -->
        <div panel-name="chronological-Payment_Gateway_Project_Test_Automation_QA_Staging_Test_Suite" class="panel">
          <div class="main-panel-header rounded-window-top">
            <span class="header-content">Methods in chronological order</span>
          </div> <!-- main-panel-header rounded-window-top -->
          <div class="main-panel-content rounded-window-bottom">
            <div class="chronological-class">
              <div class="chronological-class-name">com.paymentgateway.ui.dmz.testcases.DomainRegistrationPreAuthTest</div> <!-- chronological-class-name -->
              <div class="configuration-method before">
                <span class="method-name">setUp(staging)</span>
                <span class="method-start">0 ms</span>
              </div> <!-- configuration-method before -->
              <div class="test-method">
                <span class="method-name">verifyPreAuthForNewCustomerSingleDomain</span>
                <span class="method-start">6753 ms</span>
              </div> <!-- test-method -->
              <div class="configuration-method after">
                <span class="method-name">tearDown</span>
                <span class="method-start">17806 ms</span>
              </div> <!-- configuration-method after -->
              <div class="configuration-method before">
                <span class="method-name">setUp(staging)</span>
                <span class="method-start">18542 ms</span>
              </div> <!-- configuration-method before -->
              <div class="test-method">
                <span class="method-name">verifyPreAuthForExistingCustomerMultipleDomains</span>
                <span class="method-start">24613 ms</span>
              </div> <!-- test-method -->
              <div class="configuration-method after">
                <span class="method-name">tearDown</span>
                <span class="method-start">37393 ms</span>
              </div> <!-- configuration-method after -->
              <div class="configuration-method before">
                <span class="method-name">setUp(staging)</span>
                <span class="method-start">38149 ms</span>
              </div> <!-- configuration-method before -->
              <div class="test-method">
                <span class="method-name">verifyPreAuthForNewCustomerSingleProduct</span>
                <span class="method-start">44387 ms</span>
              </div> <!-- test-method -->
              <div class="configuration-method after">
                <span class="method-name">tearDown</span>
                <span class="method-start">55055 ms</span>
              </div> <!-- configuration-method after -->
              <div class="configuration-method before">
                <span class="method-name">setUp(staging)</span>
                <span class="method-start">55772 ms</span>
              </div> <!-- configuration-method before -->
              <div class="test-method">
                <span class="method-name">verifyPreAuthForExistingCustomerMultipleProducts</span>
                <span class="method-start">61776 ms</span>
              </div> <!-- test-method -->
              <div class="configuration-method after">
                <span class="method-name">tearDown</span>
                <span class="method-start">76912 ms</span>
              </div> <!-- configuration-method after -->
          </div> <!-- main-panel-content rounded-window-bottom -->
        </div> <!-- panel -->
        <div panel-name="chronological-Payment_Gateway_Project_Test_Automation_QA_Production_Test_Suite" class="panel">
          <div class="main-panel-header rounded-window-top">
            <span class="header-content">Methods in chronological order</span>
          </div> <!-- main-panel-header rounded-window-top -->
          <div class="main-panel-content rounded-window-bottom">
            <div class="chronological-class">
              <div class="chronological-class-name">com.paymentgateway.ui.dmz.testcases.DomainRegistrationPreAuthTest</div> <!-- chronological-class-name -->
              <div class="test-method">
                <span class="method-name">verifyPreAuthForNewCustomerSingleDomain</span>
                <span class="method-start">0 ms</span>
              </div> <!-- test-method -->
              <div class="test-method">
                <span class="method-name">verifyPreAuthForExistingCustomerMultipleDomains</span>
                <span class="method-start">0 ms</span>
              </div> <!-- test-method -->
              <div class="test-method">
                <span class="method-name">verifyPreAuthForNewCustomerSingleProduct</span>
                <span class="method-start">0 ms</span>
              </div> <!-- test-method -->
              <div class="test-method">
                <span class="method-name">verifyPreAuthForExistingCustomerMultipleProducts</span>
                <span class="method-start">0 ms</span>
              </div> <!-- test-method -->
              <div class="configuration-method before">
                <img src="failed.png">
                </img>
                <span class="method-name">setUp(prod)</span>
                <span class="method-start">0 ms</span>
              </div> <!-- configuration-method before -->
          </div> <!-- main-panel-content rounded-window-bottom -->
        </div> <!-- panel -->
        <div panel-name="chronological-Payment_Gateway_Project_Test_Automation_Dev_Test_Suite" class="panel">
          <div class="main-panel-header rounded-window-top">
            <span class="header-content">Methods in chronological order</span>
          </div> <!-- main-panel-header rounded-window-top -->
          <div class="main-panel-content rounded-window-bottom">
            <div class="chronological-class">
              <div class="chronological-class-name">com.paymentgateway.ui.dmz.testcases.DomainRegistrationPreAuthTest</div> <!-- chronological-class-name -->
              <div class="configuration-method before">
                <span class="method-name">setUp(dev)</span>
                <span class="method-start">0 ms</span>
              </div> <!-- configuration-method before -->
              <div class="test-method">
                <span class="method-name">verifyPreAuthForNewCustomerSingleDomain</span>
                <span class="method-start">7617 ms</span>
              </div> <!-- test-method -->
              <div class="configuration-method after">
                <span class="method-name">tearDown</span>
                <span class="method-start">17818 ms</span>
              </div> <!-- configuration-method after -->
              <div class="configuration-method before">
                <span class="method-name">setUp(dev)</span>
                <span class="method-start">18529 ms</span>
              </div> <!-- configuration-method before -->
              <div class="test-method">
                <span class="method-name">verifyPreAuthForExistingCustomerMultipleDomains</span>
                <span class="method-start">24486 ms</span>
              </div> <!-- test-method -->
              <div class="configuration-method after">
                <span class="method-name">tearDown</span>
                <span class="method-start">38578 ms</span>
              </div> <!-- configuration-method after -->
              <div class="configuration-method before">
                <span class="method-name">setUp(dev)</span>
                <span class="method-start">39273 ms</span>
              </div> <!-- configuration-method before -->
              <div class="test-method">
                <span class="method-name">verifyPreAuthForNewCustomerSingleProduct</span>
                <span class="method-start">45305 ms</span>
              </div> <!-- test-method -->
              <div class="configuration-method after">
                <span class="method-name">tearDown</span>
                <span class="method-start">56994 ms</span>
              </div> <!-- configuration-method after -->
              <div class="configuration-method before">
                <span class="method-name">setUp(dev)</span>
                <span class="method-start">57718 ms</span>
              </div> <!-- configuration-method before -->
              <div class="test-method">
                <span class="method-name">verifyPreAuthForExistingCustomerMultipleProducts</span>
                <span class="method-start">64470 ms</span>
              </div> <!-- test-method -->
              <div class="configuration-method after">
                <span class="method-name">tearDown</span>
                <span class="method-start">80015 ms</span>
              </div> <!-- configuration-method after -->
          </div> <!-- main-panel-content rounded-window-bottom -->
        </div> <!-- panel -->
        <div panel-name="chronological-Payment_Gateway_Project_Test_Automation_QA_UAT_Test_Suite" class="panel">
          <div class="main-panel-header rounded-window-top">
            <span class="header-content">Methods in chronological order</span>
          </div> <!-- main-panel-header rounded-window-top -->
          <div class="main-panel-content rounded-window-bottom">
            <div class="chronological-class">
              <div class="chronological-class-name">com.paymentgateway.ui.dmz.testcases.DomainRegistrationPreAuthTest</div> <!-- chronological-class-name -->
              <div class="test-method">
                <span class="method-name">verifyPreAuthForNewCustomerSingleDomain</span>
                <span class="method-start">0 ms</span>
              </div> <!-- test-method -->
              <div class="test-method">
                <span class="method-name">verifyPreAuthForExistingCustomerMultipleDomains</span>
                <span class="method-start">0 ms</span>
              </div> <!-- test-method -->
              <div class="test-method">
                <span class="method-name">verifyPreAuthForNewCustomerSingleProduct</span>
                <span class="method-start">0 ms</span>
              </div> <!-- test-method -->
              <div class="test-method">
                <span class="method-name">verifyPreAuthForExistingCustomerMultipleProducts</span>
                <span class="method-start">0 ms</span>
              </div> <!-- test-method -->
              <div class="configuration-method before">
                <img src="failed.png">
                </img>
                <span class="method-name">setUp(uat)</span>
                <span class="method-start">0 ms</span>
              </div> <!-- configuration-method before -->
          </div> <!-- main-panel-content rounded-window-bottom -->
        </div> <!-- panel -->
      </div> <!-- main-panel-root -->
    </div> <!-- wrapper -->
  </body>
</html>
