<!DOCTYPE html PUBLIC "-//W3C//DTD XHTML 1.1//EN" "http://www.w3.org/TR/xhtml11/DTD/xhtml11.dtd">
<html xmlns="http://www.w3.org/1999/xhtml">
<head>
<meta http-equiv="content-type" content="text/html; charset=UTF-8"/>
<title>TestNG Report</title>
<style type="text/css">table {margin-bottom:10px;border-collapse:collapse;empty-cells:show}th,td {border:1px solid #009;padding:.25em .5em}th {vertical-align:bottom}td {vertical-align:top}table a {font-weight:bold}.stripe td {background-color: #E6EBF9}.num {text-align:right}.passedodd td {background-color: #3F3}.passedeven td {background-color: #0A0}.skippedodd td {background-color: #DDD}.skippedeven td {background-color: #CCC}.failedodd td,.attn {background-color: #F33}.failedeven td,.stripe .attn {background-color: #D00}.stacktrace {white-space:pre;font-family:monospace}.totop {font-size:85%;text-align:center;border-bottom:2px solid #000}.invisible {display:none}</style>
</head>
<body>
<table>
<tr><th>Test</th><th># Passed</th><th># Skipped</th><th># Failed</th><th>Time (ms)</th><th>Included Groups</th><th>Excluded Groups</th></tr>
<tr><th colspan="7">Payment Gateway UAT Regression Test Suite</th></tr>
<tr><td><a href="#t0">Regression Test Cases</a></td><td class="num">1</td><td class="num">0</td><td class="num attn">2</td><td class="num">177,737</td><td></td><td></td></tr>
</table>
<table id='summary'><thead><tr><th>Class</th><th>Method</th><th>Start</th><th>Time (ms)</th></tr></thead><tbody><tr><th colspan="4">Payment Gateway UAT Regression Test Suite</th></tr></tbody><tbody id="t0"><tr><th colspan="4">Regression Test Cases &#8212; failed</th></tr><tr class="failedeven"><td rowspan="2">com.paymentgateway.uat.tpp.testcases.RegressionTest</td><td><a href="#m0">testDomainRegistration2WorkflowInConsoleAdmin</a></td><td rowspan="1">1542855606864</td><td rowspan="1">58677</td></tr><tr class="failedeven"><td><a href="#m1">testProductSetup2WorkflowInConsoleAdmin</a></td><td rowspan="1">1542855665550</td><td rowspan="1">33667</td></tr><tr><th colspan="4">Regression Test Cases &#8212; passed</th></tr><tr class="passedeven"><td rowspan="1">com.paymentgateway.uat.tpp.testcases.RegressionTest</td><td><a href="#m2">testCreateDomainAndMajorProductOrderInSalesDB</a></td><td rowspan="1">1542855521542</td><td rowspan="1">85317</td></tr></tbody>
</table>
<h2>Regression Test Cases</h2><h3 id="m0">com.paymentgateway.uat.tpp.testcases.RegressionTest#testDomainRegistration2WorkflowInConsoleAdmin</h3><table class="result"><tr class="param"><th>Parameter #1</th><th>Parameter #2</th></tr><tr class="param stripe"><td>uat1</td><td>quest</td></tr><tr><th colspan="2">Exception</th></tr><tr><td colspan="2"><div class="stacktrace">org.openqa.selenium.TimeoutException: timeout
  (Session info: chrome=70.0.3538.102)
  (Driver info: chromedriver=2.43.600210 (68dcf5eebde37173d4027fa8635e332711d2874a),platform=Windows NT 10.0.14393 x86_64) (WARNING: The server did not provide any stacktrace information)
Command duration or timeout: 0 milliseconds
Build info: version: &apos;3.11.0&apos;, revision: &apos;e59cfb3&apos;, time: &apos;2018-03-11T20:26:55.152Z&apos;
System info: host: &apos;MIT01524&apos;, ip: &apos;10.40.0.240&apos;, os.name: &apos;Windows 10&apos;, os.arch: &apos;amd64&apos;, os.version: &apos;10.0&apos;, java.version: &apos;1.8.0_191&apos;
Driver info: org.openqa.selenium.chrome.ChromeDriver
Capabilities {acceptInsecureCerts: false, acceptSslCerts: false, applicationCacheEnabled: false, browserConnectionEnabled: false, browserName: chrome, chrome: {chromedriverVersion: 2.43.600210 (68dcf5eebde371..., userDataDir: C:\Users\ROY~1.ALC\AppData\...}, cssSelectorsEnabled: true, databaseEnabled: false, goog:chromeOptions: {debuggerAddress: localhost:57847}, handlesAlerts: true, hasTouchScreen: false, javascriptEnabled: true, locationContextEnabled: true, mobileEmulationEnabled: false, nativeEvents: true, networkConnectionEnabled: false, pageLoadStrategy: normal, platform: XP, platformName: XP, rotatable: false, setWindowRect: true, takesHeapSnapshot: true, takesScreenshot: true, unexpectedAlertBehaviour: , unhandledPromptBehavior: , version: 70.0.3538.102, webStorageEnabled: true}
Session ID: 5e8eef543b33a64054b511f182c70361
	at org.openqa.selenium.remote.ErrorHandler.createThrowable(ErrorHandler.java:214)
	at org.openqa.selenium.remote.ErrorHandler.throwIfResponseFailed(ErrorHandler.java:166)
	at org.openqa.selenium.remote.http.JsonHttpResponseCodec.reconstructValue(JsonHttpResponseCodec.java:40)
	at org.openqa.selenium.remote.http.AbstractHttpResponseCodec.decode(AbstractHttpResponseCodec.java:80)
	at org.openqa.selenium.remote.http.AbstractHttpResponseCodec.decode(AbstractHttpResponseCodec.java:44)
	at org.openqa.selenium.remote.HttpCommandExecutor.execute(HttpCommandExecutor.java:158)
	at org.openqa.selenium.remote.service.DriverCommandExecutor.execute(DriverCommandExecutor.java:83)
	at org.openqa.selenium.remote.RemoteWebDriver.execute(RemoteWebDriver.java:545)
	at org.openqa.selenium.remote.RemoteWebElement.execute(RemoteWebElement.java:279)
	at org.openqa.selenium.remote.RemoteWebElement.click(RemoteWebElement.java:83)
	at org.openqa.selenium.support.events.EventFiringWebDriver$EventFiringWebElement.lambda$new$0(EventFiringWebDriver.java:368)
	at com.sun.proxy.$Proxy15.click(Unknown Source)
	at org.openqa.selenium.support.events.EventFiringWebDriver$EventFiringWebElement.click(EventFiringWebDriver.java:380)
	at org.openqa.selenium.support.pagefactory.internal.LocatingElementHandler.invoke(LocatingElementHandler.java:51)
	at com.sun.proxy.$Proxy14.click(Unknown Source)
	at com.consoleadmin.pages.CAWorkflowAdminPage.processDelegateDomain(CAWorkflowAdminPage.java:98)
	at com.consoleadmin.pages.CAWorkflowAdminPage.processDomainRegistration2Workflow(CAWorkflowAdminPage.java:58)
	at com.paymentgateway.uat.tpp.testcases.RegressionTest.testDomainRegistration2WorkflowInConsoleAdmin(RegressionTest.java:150)
... Removed 35 stack frames</div></td></tr></table><p class="totop"><a href="#summary">back to summary</a></p>
<h3 id="m1">com.paymentgateway.uat.tpp.testcases.RegressionTest#testProductSetup2WorkflowInConsoleAdmin</h3><table class="result"><tr class="param"><th>Parameter #1</th><th>Parameter #2</th></tr><tr class="param stripe"><td>uat1</td><td>quest</td></tr><tr><th colspan="2">Exception</th></tr><tr><td colspan="2"><div class="stacktrace">java.lang.AssertionError: productsetup2 status:  expected [approved] but found [cpanel product delegation failed]
	at com.paymentgateway.uat.tpp.testcases.RegressionTest.testProductSetup2WorkflowInConsoleAdmin(RegressionTest.java:186)
... Removed 30 stack frames</div></td></tr></table><p class="totop"><a href="#summary">back to summary</a></p>
<h3 id="m2">com.paymentgateway.uat.tpp.testcases.RegressionTest#testCreateDomainAndMajorProductOrderInSalesDB</h3><table class="result"><tr class="param"><th>Parameter #1</th><th>Parameter #2</th></tr><tr class="param stripe"><td>uat1</td><td>quest</td></tr></table><p class="totop"><a href="#summary">back to summary</a></p>
</body>
</html>
