<?xml version="1.0" encoding="UTF-8"?>
<!-- Generated by org.testng.reporters.JUnitReportReporter -->
<testsuite skipped="0" hostname="MIT01524" name="com.paymentgateway.ui.dmz.testcases.DomainzPG69CartTest" tests="8" failures="2" timestamp="01 Jun 2018 01:00:32 GMT" time="172.779" errors="0">
  <testcase name="PG69_verifyBTFormFieldsUsingValidVisaCard" time="21.776" classname="com.paymentgateway.ui.dmz.testcases.DomainzPG69CartTest"/>
  <testcase name="PG69_verifyBTFormFieldsUsingValidMasterCard" time="21.570" classname="com.paymentgateway.ui.dmz.testcases.DomainzPG69CartTest"/>
  <testcase name="PG69_verifyBTCardOwnerFieldUsingAlphaNumericCharacters" time="21.577" classname="com.paymentgateway.ui.dmz.testcases.DomainzPG69CartTest"/>
  <testcase name="PG69_verifyBTCardOwnerFieldUsingSpecialCharacters" time="21.466" classname="com.paymentgateway.ui.dmz.testcases.DomainzPG69CartTest"/>
  <testcase name="PG69_verifyBTCardOwnerFieldUsingFullStopAndSpaces" time="21.819" classname="com.paymentgateway.ui.dmz.testcases.DomainzPG69CartTest"/>
  <testcase name="PG69_verifyBTCardOwnerFieldUsing26CharactersMaximumLength" time="21.185" classname="com.paymentgateway.ui.dmz.testcases.DomainzPG69CartTest"/>
  <testcase name="PG69_verifyBTCardNumberFieldUsingLessThan16Digits" time="21.277" classname="com.paymentgateway.ui.dmz.testcases.DomainzPG69CartTest">
    <failure type="java.lang.AssertionError" message="expected [true] but found [false]">
      <![CDATA[java.lang.AssertionError: expected [true] but found [false]
at org.testng.Assert.fail(Assert.java:96)
at org.testng.Assert.failNotEquals(Assert.java:776)
at org.testng.Assert.assertTrue(Assert.java:44)
at org.testng.Assert.assertTrue(Assert.java:54)
at com.paymentgateway.ui.dmz.testcases.DomainzPG69CartTest.PG69_verifyBTCardNumberFieldUsingLessThan16Digits(DomainzPG69CartTest.java:527)
at sun.reflect.NativeMethodAccessorImpl.invoke0(Native Method)
at sun.reflect.NativeMethodAccessorImpl.invoke(Unknown Source)
at sun.reflect.DelegatingMethodAccessorImpl.invoke(Unknown Source)
at java.lang.reflect.Method.invoke(Unknown Source)
at org.testng.internal.MethodInvocationHelper.invokeMethod(MethodInvocationHelper.java:124)
at org.testng.internal.Invoker.invokeMethod(Invoker.java:583)
at org.testng.internal.Invoker.invokeTestMethod(Invoker.java:719)
at org.testng.internal.Invoker.invokeTestMethods(Invoker.java:989)
at org.testng.internal.TestMethodWorker.invokeTestMethods(TestMethodWorker.java:125)
at org.testng.internal.TestMethodWorker.run(TestMethodWorker.java:109)
at org.testng.TestRunner.privateRun(TestRunner.java:648)
at org.testng.TestRunner.run(TestRunner.java:505)
at org.testng.SuiteRunner.runTest(SuiteRunner.java:455)
at org.testng.SuiteRunner.runSequentially(SuiteRunner.java:450)
at org.testng.SuiteRunner.privateRun(SuiteRunner.java:415)
at org.testng.SuiteRunner.run(SuiteRunner.java:364)
at org.testng.SuiteRunnerWorker.runSuite(SuiteRunnerWorker.java:52)
at org.testng.SuiteRunnerWorker.run(SuiteRunnerWorker.java:84)
at org.testng.TestNG.runSuitesSequentially(TestNG.java:1208)
at org.testng.TestNG.runSuitesLocally(TestNG.java:1137)
at org.testng.TestNG.runSuites(TestNG.java:1049)
at org.testng.TestNG.run(TestNG.java:1017)
at org.testng.remote.AbstractRemoteTestNG.run(AbstractRemoteTestNG.java:132)
at org.testng.remote.RemoteTestNG.initAndRun(RemoteTestNG.java:230)
at org.testng.remote.RemoteTestNG.main(RemoteTestNG.java:76)
]]>
    </failure>
  </testcase> <!-- PG69_verifyBTCardNumberFieldUsingLessThan16Digits -->
  <testcase name="PG69_verifyBTCardNumberFieldUsingMoreThan16Digits" time="22.109" classname="com.paymentgateway.ui.dmz.testcases.DomainzPG69CartTest">
    <failure type="java.lang.AssertionError" message="expected [true] but found [false]">
      <![CDATA[java.lang.AssertionError: expected [true] but found [false]
at org.testng.Assert.fail(Assert.java:96)
at org.testng.Assert.failNotEquals(Assert.java:776)
at org.testng.Assert.assertTrue(Assert.java:44)
at org.testng.Assert.assertTrue(Assert.java:54)
at com.paymentgateway.ui.dmz.testcases.DomainzPG69CartTest.PG69_verifyBTCardNumberFieldUsingMoreThan16Digits(DomainzPG69CartTest.java:568)
at sun.reflect.NativeMethodAccessorImpl.invoke0(Native Method)
at sun.reflect.NativeMethodAccessorImpl.invoke(Unknown Source)
at sun.reflect.DelegatingMethodAccessorImpl.invoke(Unknown Source)
at java.lang.reflect.Method.invoke(Unknown Source)
at org.testng.internal.MethodInvocationHelper.invokeMethod(MethodInvocationHelper.java:124)
at org.testng.internal.Invoker.invokeMethod(Invoker.java:583)
at org.testng.internal.Invoker.invokeTestMethod(Invoker.java:719)
at org.testng.internal.Invoker.invokeTestMethods(Invoker.java:989)
at org.testng.internal.TestMethodWorker.invokeTestMethods(TestMethodWorker.java:125)
at org.testng.internal.TestMethodWorker.run(TestMethodWorker.java:109)
at org.testng.TestRunner.privateRun(TestRunner.java:648)
at org.testng.TestRunner.run(TestRunner.java:505)
at org.testng.SuiteRunner.runTest(SuiteRunner.java:455)
at org.testng.SuiteRunner.runSequentially(SuiteRunner.java:450)
at org.testng.SuiteRunner.privateRun(SuiteRunner.java:415)
at org.testng.SuiteRunner.run(SuiteRunner.java:364)
at org.testng.SuiteRunnerWorker.runSuite(SuiteRunnerWorker.java:52)
at org.testng.SuiteRunnerWorker.run(SuiteRunnerWorker.java:84)
at org.testng.TestNG.runSuitesSequentially(TestNG.java:1208)
at org.testng.TestNG.runSuitesLocally(TestNG.java:1137)
at org.testng.TestNG.runSuites(TestNG.java:1049)
at org.testng.TestNG.run(TestNG.java:1017)
at org.testng.remote.AbstractRemoteTestNG.run(AbstractRemoteTestNG.java:132)
at org.testng.remote.RemoteTestNG.initAndRun(RemoteTestNG.java:230)
at org.testng.remote.RemoteTestNG.main(RemoteTestNG.java:76)
]]>
    </failure>
  </testcase> <!-- PG69_verifyBTCardNumberFieldUsingMoreThan16Digits -->
</testsuite> <!-- com.paymentgateway.ui.dmz.testcases.DomainzPG69CartTest -->
